Arguments: 
  /Applications/Framer X.app/Contents/Resources/Node/bin/node /Applications/Framer X.app/Contents/Resources/Server/node_modules/yarn/bin/yarn.js outdated --cwd /Users/stakasawa/Library/Autosave Information/Framer-FDDA498B-A095-47BE-89BE-FDC808854D77/container --skip-integrity-check --cache-folder /Users/stakasawa/Library/Caches/Framer/yarn/cache --mutex file:/Users/stakasawa/Library/Caches/Framer/yarn/mutex --json --ignore-scripts --link-folder /Users/stakasawa/Library/Application Support/Framer X/yarn-link-folder

PATH: 
  undefined

Yarn version: 
  1.16.0

Node version: 
  10.13.0

Platform: 
  darwin x64

Trace: 
  Error: getaddrinfo ENOTFOUND registry.framer.com registry.framer.com:443
      at GetAddrInfoReqWrap.onlookup [as oncomplete] (dns.js:57:26)

npm manifest: 
  {
  	"main": "dist/index.js",
  	"license": "MIT",
  	"devDependencies": {
  		"@types/react": "^16.8"
  	},
  	"peerDependencies": {
  		"framer": "^1.0",
  		"react": "^16.8"
  	},
  	"framer": {
  		"id": "7b147013-0b78-4a15-ad21-0937533be6b7"
  	},
  	"author": "S T",
  	"dependencies": {
  		"@framer/benjamin.input": "^1.2.0",
  		"@framer/bredowmax.progressive-web-app": "^1.3.0",
  		"@framer/edoardo.web-ui-kit": "^1.1.0",
  		"@framer/hskang9.styled-components": "^1.0.0",
  		"@framer/kasimir.iphone-x-kit": "^1.21.0",
  		"react-filter-search": "^1.0.8",
  		"styled-components": "^4.3.2"
  	}
  }

yarn manifest: 
  No manifest

Lockfile: 
  # THIS IS AN AUTOGENERATED FILE. DO NOT EDIT THIS FILE DIRECTLY.
  # yarn lockfile v1
  
  
  "@babel/code-frame@^7.0.0":
    version "7.0.0"
    resolved "https://registry.yarnpkg.com/@babel/code-frame/-/code-frame-7.0.0.tgz#06e2ab19bdb535385559aabb5ba59729482800f8"
    integrity sha512-OfC2uemaknXr87bdLUkWog7nYuliM9Ij5HUcajsVcMCpQrcLmtxRbVFTIqmcSkSeYRBFBRxs2FiUqFJDLdiebA==
    dependencies:
      "@babel/highlight" "^7.0.0"
  
  "@babel/generator@^7.4.4":
    version "7.4.4"
    resolved "https://registry.yarnpkg.com/@babel/generator/-/generator-7.4.4.tgz#174a215eb843fc392c7edcaabeaa873de6e8f041"
    integrity sha512-53UOLK6TVNqKxf7RUh8NE851EHRxOOeVXKbK2bivdb+iziMyk03Sr4eaE9OELCbyZAAafAKPDwF2TPUES5QbxQ==
    dependencies:
      "@babel/types" "^7.4.4"
      jsesc "^2.5.1"
      lodash "^4.17.11"
      source-map "^0.5.0"
      trim-right "^1.0.1"
  
  "@babel/helper-annotate-as-pure@^7.0.0":
    version "7.0.0"
    resolved "https://registry.yarnpkg.com/@babel/helper-annotate-as-pure/-/helper-annotate-as-pure-7.0.0.tgz#323d39dd0b50e10c7c06ca7d7638e6864d8c5c32"
    integrity sha512-3UYcJUj9kvSLbLbUIfQTqzcy5VX7GRZ/CCDrnOaZorFFM01aXp1+GJwuFGV4NDDoAS+mOUyHcO6UD/RfqOks3Q==
    dependencies:
      "@babel/types" "^7.0.0"
  
  "@babel/helper-function-name@^7.1.0":
    version "7.1.0"
    resolved "https://registry.yarnpkg.com/@babel/helper-function-name/-/helper-function-name-7.1.0.tgz#a0ceb01685f73355d4360c1247f582bfafc8ff53"
    integrity sha512-A95XEoCpb3TO+KZzJ4S/5uW5fNe26DjBGqf1o9ucyLyCmi1dXq/B3c8iaWTfBk3VvetUxl16e8tIrd5teOCfGw==
    dependencies:
      "@babel/helper-get-function-arity" "^7.0.0"
      "@babel/template" "^7.1.0"
      "@babel/types" "^7.0.0"
  
  "@babel/helper-get-function-arity@^7.0.0":
    version "7.0.0"
    resolved "https://registry.yarnpkg.com/@babel/helper-get-function-arity/-/helper-get-function-arity-7.0.0.tgz#83572d4320e2a4657263734113c42868b64e49c3"
    integrity sha512-r2DbJeg4svYvt3HOS74U4eWKsUAMRH01Z1ds1zx8KNTPtpTL5JAsdFv8BNyOpVqdFhHkkRDIg5B4AsxmkjAlmQ==
    dependencies:
      "@babel/types" "^7.0.0"
  
  "@babel/helper-module-imports@^7.0.0":
    version "7.0.0"
    resolved "https://registry.yarnpkg.com/@babel/helper-module-imports/-/helper-module-imports-7.0.0.tgz#96081b7111e486da4d2cd971ad1a4fe216cc2e3d"
    integrity sha512-aP/hlLq01DWNEiDg4Jn23i+CXxW/owM4WpDLFUbpjxe4NS3BhLVZQ5i7E0ZrxuQ/vwekIeciyamgB1UIYxxM6A==
    dependencies:
      "@babel/types" "^7.0.0"
  
  "@babel/helper-split-export-declaration@^7.4.4":
    version "7.4.4"
    resolved "https://registry.yarnpkg.com/@babel/helper-split-export-declaration/-/helper-split-export-declaration-7.4.4.tgz#ff94894a340be78f53f06af038b205c49d993677"
    integrity sha512-Ro/XkzLf3JFITkW6b+hNxzZ1n5OQ80NvIUdmHspih1XAhtN3vPTuUFT4eQnela+2MaZ5ulH+iyP513KJrxbN7Q==
    dependencies:
      "@babel/types" "^7.4.4"
  
  "@babel/highlight@^7.0.0":
    version "7.0.0"
    resolved "https://registry.yarnpkg.com/@babel/highlight/-/highlight-7.0.0.tgz#f710c38c8d458e6dd9a201afb637fcb781ce99e4"
    integrity sha512-UFMC4ZeFC48Tpvj7C8UgLvtkaUuovQX+5xNWrsIoMG8o2z+XFKjKaN9iVmS84dPwVN00W4wPmqvYoZF3EGAsfw==
    dependencies:
      chalk "^2.0.0"
      esutils "^2.0.2"
      js-tokens "^4.0.0"
  
  "@babel/parser@^7.4.4", "@babel/parser@^7.4.5":
    version "7.4.5"
    resolved "https://registry.yarnpkg.com/@babel/parser/-/parser-7.4.5.tgz#04af8d5d5a2b044a2a1bffacc1e5e6673544e872"
    integrity sha512-9mUqkL1FF5T7f0WDFfAoDdiMVPWsdD1gZYzSnaXsxUCUqzuch/8of9G3VUSNiZmMBoRxT3neyVsqeiL/ZPcjew==
  
  "@babel/polyfill@^7.0.0":
    version "7.4.4"
    resolved "https://registry.yarnpkg.com/@babel/polyfill/-/polyfill-7.4.4.tgz#78801cf3dbe657844eeabf31c1cae3828051e893"
    integrity sha512-WlthFLfhQQhh+A2Gn5NSFl0Huxz36x86Jn+E9OW7ibK8edKPq+KLy4apM1yDpQ8kJOVi1OVjpP4vSDLdrI04dg==
    dependencies:
      core-js "^2.6.5"
      regenerator-runtime "^0.13.2"
  
  "@babel/template@^7.1.0":
    version "7.4.4"
    resolved "https://registry.yarnpkg.com/@babel/template/-/template-7.4.4.tgz#f4b88d1225689a08f5bc3a17483545be9e4ed237"
    integrity sha512-CiGzLN9KgAvgZsnivND7rkA+AeJ9JB0ciPOD4U59GKbQP2iQl+olF1l76kJOupqidozfZ32ghwBEJDhnk9MEcw==
    dependencies:
      "@babel/code-frame" "^7.0.0"
      "@babel/parser" "^7.4.4"
      "@babel/types" "^7.4.4"
  
  "@babel/traverse@^7.0.0":
    version "7.4.5"
    resolved "https://registry.yarnpkg.com/@babel/traverse/-/traverse-7.4.5.tgz#4e92d1728fd2f1897dafdd321efbff92156c3216"
    integrity sha512-Vc+qjynwkjRmIFGxy0KYoPj4FdVDxLej89kMHFsWScq999uX+pwcX4v9mWRjW0KcAYTPAuVQl2LKP1wEVLsp+A==
    dependencies:
      "@babel/code-frame" "^7.0.0"
      "@babel/generator" "^7.4.4"
      "@babel/helper-function-name" "^7.1.0"
      "@babel/helper-split-export-declaration" "^7.4.4"
      "@babel/parser" "^7.4.5"
      "@babel/types" "^7.4.4"
      debug "^4.1.0"
      globals "^11.1.0"
      lodash "^4.17.11"
  
  "@babel/types@^7.0.0", "@babel/types@^7.4.4":
    version "7.4.4"
    resolved "https://registry.yarnpkg.com/@babel/types/-/types-7.4.4.tgz#8db9e9a629bb7c29370009b4b779ed93fe57d5f0"
    integrity sha512-dOllgYdnEFOebhkKCjzSVFqw/PmmB8pH6RGOWkY4GsboQNd47b1fBThBSwlHAq9alF9vc1M3+6oqR47R50L0tQ==
    dependencies:
      esutils "^2.0.2"
      lodash "^4.17.11"
      to-fast-properties "^2.0.0"
  
  "@emotion/is-prop-valid@^0.7.3":
    version "0.7.3"
    resolved "https://registry.yarnpkg.com/@emotion/is-prop-valid/-/is-prop-valid-0.7.3.tgz#a6bf4fa5387cbba59d44e698a4680f481a8da6cc"
    integrity sha512-uxJqm/sqwXw3YPA5GXX365OBcJGFtxUVkB6WyezqFHlNe9jqUWH5ur2O2M8dGBz61kn1g3ZBlzUunFQXQIClhA==
    dependencies:
      "@emotion/memoize" "0.7.1"
  
  "@emotion/is-prop-valid@^0.8.1":
    version "0.8.2"
    resolved "https://registry.yarnpkg.com/@emotion/is-prop-valid/-/is-prop-valid-0.8.2.tgz#b9692080da79041683021fcc32f96b40c54c59dc"
    integrity sha512-ZQIMAA2kLUWiUeMZNJDTeCwYRx1l8SQL0kHktze4COT22occKpDML1GDUXP5/sxhOMrZO8vZw773ni4H5Snrsg==
    dependencies:
      "@emotion/memoize" "0.7.2"
  
  "@emotion/memoize@0.7.1":
    version "0.7.1"
    resolved "https://registry.yarnpkg.com/@emotion/memoize/-/memoize-0.7.1.tgz#e93c13942592cf5ef01aa8297444dc192beee52f"
    integrity sha512-Qv4LTqO11jepd5Qmlp3M1YEjBumoTHcHFdgPTQ+sFlIL5myi/7xu/POwP7IRu6odBdmLXdtIs1D6TuW6kbwbbg==
  
  "@emotion/memoize@0.7.2":
    version "0.7.2"
    resolved "https://registry.yarnpkg.com/@emotion/memoize/-/memoize-0.7.2.tgz#7f4c71b7654068dfcccad29553520f984cc66b30"
    integrity sha512-hnHhwQzvPCW1QjBWFyBtsETdllOM92BfrKWbUTmh9aeOlcVOiXvlPsK4104xH8NsaKfg86PTFsWkueQeUfMA/w==
  
  "@emotion/unitless@^0.7.0":
    version "0.7.4"
    resolved "https://registry.yarnpkg.com/@emotion/unitless/-/unitless-0.7.4.tgz#a87b4b04e5ae14a88d48ebef15015f6b7d1f5677"
    integrity sha512-kBa+cDHOR9jpRJ+kcGMsysrls0leukrm68DmFQoMIWQcXdr2cZvyvypWuGYT7U+9kAExUE7+T7r6G3C3A6L8MQ==
  
  "@framer/asci.image-shuffle@^1.1.0":
    version "1.3.0"
    resolved "https://registry.framer.com/@framer/asci.image-shuffle/-/@framer/asci.image-shuffle-1.3.0.tgz#b4632561c7ccecf5ea402eaa6e89f8022b2bec1f"
    integrity sha512-csQze/0Eu48/Q9aTq/DvCP6+j3h9kf7FV5nDSSO5lfq1bwBeAq2bvEykvTvGetjS1aHdXpF0+nM3s1GTTs52TQ==
  
  "@framer/benjamin.input@^1.2.0":
    version "1.2.0"
    resolved "https://registry.framer.com/@framer/benjamin.input/-/@framer/benjamin.input-1.2.0.tgz#fa9f5ece2061d15c8a6ea036d208eb6462bc770d"
    integrity sha512-HvuyKieQfculupbBY1/8bkEiN4UGDcveN0uGmL5tftfyK+ew/HbYbFNmH4BHjhZmca/UChSNrm/56u31oJN6ng==
    dependencies:
      styled-components "^4.0.3"
  
  "@framer/benjamin.profile@^1.12.0":
    version "1.13.0"
    resolved "https://registry.framer.com/@framer/benjamin.profile/-/@framer/benjamin.profile-1.13.0.tgz#699aa35f868e0d78649bbc026dc2712e0f18a68d"
    integrity sha512-M9D5qXDDQxGaLY1H5PiYIIHg/YG1CTEPSPfnPvHEiKF9XgJ5ISDrTnvvVmqsS79QIsRMgCI0o24g/nx6ZASsog==
    dependencies:
      "@types/react" "^16.0.31"
      react "^16.3.0"
      react-dom "^16.3.0"
  
  "@framer/benjamin.properties@^1.2.0":
    version "1.5.0"
    resolved "https://registry.framer.com/@framer/benjamin.properties/-/@framer/benjamin.properties-1.5.0.tgz#90b243bbc80d60302982d0a436fed1cf4daa694a"
    integrity sha512-m9wRZvQZUvbe+CXbrUrK9QJehjx3Acd+NfmQZyQmvf5YuAUo0kIJQIWd/lfhmTESo5MPAzStUKJpQ7QPHoE1JA==
  
  "@framer/bredowmax.pagination@^1.2.0":
    version "1.2.0"
    resolved "https://registry.framer.com/@framer/bredowmax.pagination/-/@framer/bredowmax.pagination-1.2.0.tgz#387608e988174eddd9c1078440de666f20d9a01a"
    integrity sha1-OHYI6YgXTt3ZwQeEQN5mbyDZoBo=
  
  "@framer/bredowmax.progressive-web-app@^1.3.0":
    version "1.3.0"
    resolved "https://registry.framer.com/@framer/bredowmax.progressive-web-app/-/@framer/bredowmax.progressive-web-app-1.3.0.tgz#e0918cdcd92dd94ed7d4b6f71adfa59cfb100646"
    integrity sha512-c9I7vtgVeNf0B7WSPoEPf8UK9dQtaZZ/IUCt1huZE2pWFR1/I9SmkNZP33E/XFzCReKcKEICQsw2X3mwjiS0/w==
    dependencies:
      "@framer/asci.image-shuffle" "^1.1.0"
      "@framer/benjamin.profile" "^1.12.0"
      "@framer/benjamin.properties" "^1.2.0"
      "@framer/bredowmax.pagination" "^1.2.0"
      "@framer/edoardo.web-ui-kit" "^1.0.0"
      "@framer/ismael.get-colors-from-images" "^1.0.0"
      "@framer/ismael.photo-filters" "^1.0.0"
      "@framer/ismael.sticky" "^1.1.0"
      "@framer/ivanflores.bottomsheet" "^1.0.0"
      "@framer/lintonye.parallax" "^1.39.0"
      "@framer/steveruizok.framer-controller" "^1.3.0"
  
  "@framer/edoardo.web-ui-kit@^1.0.0", "@framer/edoardo.web-ui-kit@^1.1.0":
    version "1.1.0"
    resolved "https://registry.framer.com/@framer/edoardo.web-ui-kit/-/@framer/edoardo.web-ui-kit-1.1.0.tgz#56fa16a49df31db8a53ad8b2469b0c27d64cd2ed"
    integrity sha512-jycIinG+0OLIGcu2uxB3HRNDh6DrQ4h6fsArkPFF6L32H++AyBE60Yxh2H95TA8IYdTisc9ZZ9AqfAmxeSq9kg==
  
  "@framer/hskang9.styled-components@^1.0.0":
    version "1.0.0"
    resolved "https://registry.framer.com/@framer/hskang9.styled-components/-/@framer/hskang9.styled-components-1.0.0.tgz#646179952a1f7956de7fa3d3118603e4adc93893"
    integrity sha512-o7ZFR9V54s2lrq95qBBRBM8xcG9yNzRwQtK6CK7iavYryA6NXEy7dixAnx8gnMPZYXi+QfvJsFT7dkpBG05qUg==
    dependencies:
      styled-components "^4.2.0"
  
  "@framer/ismael.get-colors-from-images@^1.0.0":
    version "1.2.0"
    resolved "https://registry.framer.com/@framer/ismael.get-colors-from-images/-/@framer/ismael.get-colors-from-images-1.2.0.tgz#b693179caf0b26014837f03193d9ce9883c24508"
    integrity sha512-SUWSKDjSeltuR/sOyEkdSVpY0q5KuzFhX6KC+ejlJ3GeZJBYVBCt+UiSlSCq1YhJCViuLpJxRyrJDFEKRq6PAQ==
    dependencies:
      node-vibrant "3.0.0"
  
  "@framer/ismael.photo-filters@^1.0.0":
    version "1.1.0"
    resolved "https://registry.framer.com/@framer/ismael.photo-filters/-/@framer/ismael.photo-filters-1.1.0.tgz#7b58c430201bac863cb4e628c866b789eb852dc2"
    integrity sha512-D85xRF3lQ62X8lAG0Nt+ZQ0HcWqnrmbmYTDuUwqWj3wIyiW7bR/1QTI8JF4Dfu9dePRiGtLub1YSq/5sRJHVWw==
  
  "@framer/ismael.sticky@^1.1.0":
    version "1.2.0"
    resolved "https://registry.framer.com/@framer/ismael.sticky/-/@framer/ismael.sticky-1.2.0.tgz#8d074a5547533e5f18917e51ee7f2e5c05042236"
    integrity sha512-uJKbmLCvkntlJHYo/8xLBFN9s+rMF6BbB0QF/vctE/hzmEeBTYSGDoQvs+178SCtyacNbNHfvoH8oo17xWwINw==
  
  "@framer/ivanflores.bottomsheet@^1.0.0":
    version "1.1.0"
    resolved "https://registry.framer.com/@framer/ivanflores.bottomsheet/-/@framer/ivanflores.bottomsheet-1.1.0.tgz#b60459b2747a976198aa55bf27a093a516579537"
    integrity sha512-OYBvMhe47VQPlatNGskzQmkazDJ5pILleCtKUjr/Za4DwbCL4B0GdQXd4gDf7NOST1gtU9J0AhRrLpV13M59Ng==
  
  "@framer/kasimir.iphone-x-kit@^1.21.0":
    version "1.21.0"
    resolved "https://registry.framer.com/@framer/kasimir.iphone-x-kit/-/@framer/kasimir.iphone-x-kit-1.21.0.tgz#3346b679f219f1c2284cd67b41a8022c632887c0"
    integrity sha512-3MofK5Eq1H2UJ0vuB2fZun9MyhGhg7sVHK4QF16K9xyZVrtu9J4qQah0muqIOHarFCPNdg44Q98IYRetZ/NduA==
  
  "@framer/lintonye.parallax@^1.39.0":
    version "1.39.0"
    resolved "https://registry.framer.com/@framer/lintonye.parallax/-/@framer/lintonye.parallax-1.39.0.tgz#027736ef723ac06b6225baf226d2ad6206a1ff81"
    integrity sha512-bo0SVi98Ol8NyQi2HyS+E/3dxXzlD0gs5/nGGpjouhBdkwZEXyDS83tmbW/LdUjC9m4T5ZPfKZemuebG3rygSw==
    dependencies:
      mathjs "^5.2.0"
  
  "@framer/steveruizok.framer-controller@^1.3.0":
    version "1.9.0"
    resolved "https://registry.framer.com/@framer/steveruizok.framer-controller/-/@framer/steveruizok.framer-controller-1.9.0.tgz#8cfccbef942751ef8d5aa685260ee40144a4fe5a"
    integrity sha512-AFd9ljp4I3dO1HEIPGMaAP4Jwc3LmguEedg2A+TMtv7rnoa7cYvUnbYPYeK5XhcqVWBIujX9FhhSCD3x/eO1Cw==
    dependencies:
      framer-controller "^1.8.2"
      lottie-web "^5.5.0"
      react "^16.8.6"
      react-dom "^16.8.6"
  
  "@jimp/bmp@^0.6.4":
    version "0.6.4"
    resolved "https://registry.yarnpkg.com/@jimp/bmp/-/bmp-0.6.4.tgz#0f4b94486e979d82c83e1e87cd00b756afb26e49"
    integrity sha512-dhKM7Cjw4XoOefx3/we2+vWyTP6hQPpM7mEsziGjtsrK2f/e3/+hhHbEsQNgO9BOA1FPJRXAOiYHts9IlMH1mg==
    dependencies:
      "@jimp/utils" "^0.6.4"
      bmp-js "^0.1.0"
      core-js "^2.5.7"
  
  "@jimp/core@^0.6.4":
    version "0.6.4"
    resolved "https://registry.yarnpkg.com/@jimp/core/-/core-0.6.4.tgz#19ab5f4ff0db4f602b36b159c714e37ebfb5672f"
    integrity sha512-nyiAXI8/uU54fGO53KrRB8pdn1s+IODZ+rj0jG2owsNJlTlagFrsZAy8IVTUCOiiXjh9TbwFo7D5XMrmi4KUww==
    dependencies:
      "@jimp/utils" "^0.6.4"
      any-base "^1.1.0"
      buffer "^5.2.0"
      core-js "^2.5.7"
      exif-parser "^0.1.12"
      file-type "^9.0.0"
      load-bmfont "^1.3.1"
      mkdirp "0.5.1"
      phin "^2.9.1"
      pixelmatch "^4.0.2"
      tinycolor2 "^1.4.1"
  
  "@jimp/custom@^0.6.4":
    version "0.6.4"
    resolved "https://registry.yarnpkg.com/@jimp/custom/-/custom-0.6.4.tgz#eb1abbda83f13149e50e71f0c5fc78d873fb485b"
    integrity sha512-sdBHrBoVr1+PFx4dlUAgXvvu4dG0esQobhg7qhpSLRje1ScavIgE2iXdJKpycgzrqwAOL8vW4/E5w2/rONlaoQ==
    dependencies:
      "@jimp/core" "^0.6.4"
      core-js "^2.5.7"
  
  "@jimp/gif@^0.6.4":
    version "0.6.4"
    resolved "https://registry.yarnpkg.com/@jimp/gif/-/gif-0.6.4.tgz#cbe8c27ceffd28112ec045b3f8a74724b8d3cdd0"
    integrity sha512-14mLoyG0UrYJsGNRoXBFvSJdFtBD0BSBwQ1zCNeW+HpQqdl+Kh5E1Pz4nqT2KNylJe1jypyR51Q2yndgcfGVyg==
    dependencies:
      "@jimp/utils" "^0.6.4"
      core-js "^2.5.7"
      omggif "^1.0.9"
  
  "@jimp/jpeg@^0.6.4":
    version "0.6.4"
    resolved "https://registry.yarnpkg.com/@jimp/jpeg/-/jpeg-0.6.4.tgz#613e040514b1876a802f7943399be2b304bdb461"
    integrity sha512-NrFla9fZC/Bhw1Aa9vJ6cBOqpB5ylEPb9jD+yZ0fzcAw5HwILguS//oXv9EWLApIY1XsOMFFe0XWpY653rv8hw==
    dependencies:
      "@jimp/utils" "^0.6.4"
      core-js "^2.5.7"
      jpeg-js "^0.3.4"
  
  "@jimp/plugin-blit@^0.6.4":
    version "0.6.4"
    resolved "https://registry.yarnpkg.com/@jimp/plugin-blit/-/plugin-blit-0.6.4.tgz#f8d7b2fa635fbef79d11f7476ff40e8aed00c026"
    integrity sha512-suVznd4XozkQIuECX0u8kMl+cAQpZN3WcbWXUcJaVxRi+VBvHIetG1Qs5qGLzuEg9627+kE7ppv0UgZ5mkE6lg==
    dependencies:
      "@jimp/utils" "^0.6.4"
      core-js "^2.5.7"
  
  "@jimp/plugin-blur@^0.6.4":
    version "0.6.4"
    resolved "https://registry.yarnpkg.com/@jimp/plugin-blur/-/plugin-blur-0.6.4.tgz#dd5d64454cae865ea8e4c6133b75708e93f31d89"
    integrity sha512-M2fDMYUUtEKVNnCJZk5J0KSMzzISobmWfnG88RdHXJCkOn98kdawQFwTsYOfJJfCM8jWfhIxwZLFhC/2lkTN2w==
    dependencies:
      "@jimp/utils" "^0.6.4"
      core-js "^2.5.7"
  
  "@jimp/plugin-color@^0.6.4":
    version "0.6.4"
    resolved "https://registry.yarnpkg.com/@jimp/plugin-color/-/plugin-color-0.6.4.tgz#d5ce139a0e665437ef9d5df7642be66f33735645"
    integrity sha512-6Nfr2l9KSb6zH2fij8G6fQOw85TTkyRaBlqMvDmsQp/I1IlaDbXzA2C2Eh9jkQYZQDPu61B1MkmlEhJp/TUx6Q==
    dependencies:
      "@jimp/utils" "^0.6.4"
      core-js "^2.5.7"
      tinycolor2 "^1.4.1"
  
  "@jimp/plugin-contain@^0.6.4":
    version "0.6.4"
    resolved "https://registry.yarnpkg.com/@jimp/plugin-contain/-/plugin-contain-0.6.4.tgz#ee2cc03a066cc1ec9dcb2a5c6cdbbfb80af42d05"
    integrity sha512-qI1MxU1noS6NbEPu/bDDeP405aMviuIsfpOz8J3En8IwIwrJV22qt6QIHmF+eyng8CYgivwIPjEPzFzLR566Nw==
    dependencies:
      "@jimp/utils" "^0.6.4"
      core-js "^2.5.7"
  
  "@jimp/plugin-cover@^0.6.4":
    version "0.6.4"
    resolved "https://registry.yarnpkg.com/@jimp/plugin-cover/-/plugin-cover-0.6.4.tgz#1d341438552ffc673c2e8b68b4419b9aaf844657"
    integrity sha512-z6eafPonj3LJY8cTEfRkXmOfCDi1+f0tbYaNvmiu+OrWJ3Ojw2hMt+BVVvJ8pKe1dWIFkCjxOjyjZWj1gEkaLw==
    dependencies:
      "@jimp/utils" "^0.6.4"
      core-js "^2.5.7"
  
  "@jimp/plugin-crop@^0.6.4":
    version "0.6.4"
    resolved "https://registry.yarnpkg.com/@jimp/plugin-crop/-/plugin-crop-0.6.4.tgz#3447611790703cd7d51a0127b2cf77906711f9ec"
    integrity sha512-w9TR+pn+GeWbznscGe2HRkPxInge0whAF3TLPWhPwBVjZChTT8dSDXsUpUlxQqvI4SfzuKp8z3/0SBqYDCzxxA==
    dependencies:
      "@jimp/utils" "^0.6.4"
      core-js "^2.5.7"
  
  "@jimp/plugin-displace@^0.6.4":
    version "0.6.4"
    resolved "https://registry.yarnpkg.com/@jimp/plugin-displace/-/plugin-displace-0.6.4.tgz#7d641e402aade5d13d8eea93dc94fac39027da97"
    integrity sha512-MEvtBXOAio/3iGJkKBrTtFs3Q38ez2Wy/wTD0Ruas+L8fjJR7l4mDgV+zjRr57CqB5mpY+L48VEoa2/gNXh9cg==
    dependencies:
      "@jimp/utils" "^0.6.4"
      core-js "^2.5.7"
  
  "@jimp/plugin-dither@^0.6.4":
    version "0.6.4"
    resolved "https://registry.yarnpkg.com/@jimp/plugin-dither/-/plugin-dither-0.6.4.tgz#3feea3cd3ef59f951759c9ac0bafdd4abee50d7b"
    integrity sha512-w+AGLcIMUeJZ4CI0FvFomahgKLcW+ICsLidUNOqyLzceluPAfug4X7vDhQ41pNkzKg0M1+Q1j0aWV8bdyF+LhA==
    dependencies:
      "@jimp/utils" "^0.6.4"
      core-js "^2.5.7"
  
  "@jimp/plugin-flip@^0.6.4":
    version "0.6.4"
    resolved "https://registry.yarnpkg.com/@jimp/plugin-flip/-/plugin-flip-0.6.4.tgz#3ac31f01a4e1dc07caa9ff8c6a34097fb719de19"
    integrity sha512-ukINMegMUM9KYjyDCiyYKYdSsbhNRLHDwOJN0xVRalmOKqNaZmjNbiMbaVxKlYt6sHW76RhSMOekw9f6GQB9tQ==
    dependencies:
      "@jimp/utils" "^0.6.4"
      core-js "^2.5.7"
  
  "@jimp/plugin-gaussian@^0.6.4":
    version "0.6.4"
    resolved "https://registry.yarnpkg.com/@jimp/plugin-gaussian/-/plugin-gaussian-0.6.4.tgz#17d51465dc973cb97ce8d433f2c0c565070377a9"
    integrity sha512-C1P6ohzIddpNb7CX5X+ygbp+ow8Fpt64ZLoIgdjYPs/42HxKluvY62fVfMhY6m5zUGKIMbg0uYeAtz/9LRJPyw==
    dependencies:
      "@jimp/utils" "^0.6.4"
      core-js "^2.5.7"
  
  "@jimp/plugin-invert@^0.6.4":
    version "0.6.4"
    resolved "https://registry.yarnpkg.com/@jimp/plugin-invert/-/plugin-invert-0.6.4.tgz#38c8a6fa5d62f0c2a097041d09595decb10f7d36"
    integrity sha512-sleGz1jXaNEsP/5Ayqw8oez/6KesWcyCqovIuK4Z4kDmMc2ncuhsXIJQXDWtIF4tTQVzNEgrxUDNA4bi9xpCUA==
    dependencies:
      "@jimp/utils" "^0.6.4"
      core-js "^2.5.7"
  
  "@jimp/plugin-mask@^0.6.4":
    version "0.6.4"
    resolved "https://registry.yarnpkg.com/@jimp/plugin-mask/-/plugin-mask-0.6.4.tgz#47bb907a70c457f51439f96e2dc0fa73dd2b8ea2"
    integrity sha512-3D4FbRxnpO9nzwa6cF8AImgO1aVReYbfRRO4I4bku4/iZ+kuU3fBLV+SRhB4c7di3ejG5u+rGsIfaNc94iYYvw==
    dependencies:
      "@jimp/utils" "^0.6.4"
      core-js "^2.5.7"
  
  "@jimp/plugin-normalize@^0.6.4":
    version "0.6.4"
    resolved "https://registry.yarnpkg.com/@jimp/plugin-normalize/-/plugin-normalize-0.6.4.tgz#6f49eb866b605c947c05fd9ca6ea3934f57137e4"
    integrity sha512-nOFMwOaVkOKArHkD/T6/1HKAPj3jlW6l0JduVDn1A5eIPCtlnyhlE9zdjgi5Q9IBR/gRjwW6tTzBKuJenS51kg==
    dependencies:
      "@jimp/utils" "^0.6.4"
      core-js "^2.5.7"
  
  "@jimp/plugin-print@^0.6.4":
    version "0.6.4"
    resolved "https://registry.yarnpkg.com/@jimp/plugin-print/-/plugin-print-0.6.4.tgz#6642e2a5dea7fa6fb70c8655f82a770ae0faa0d9"
    integrity sha512-3z5DLVCKg0NfZhHATEaYH/4XanIboPP1pOUoxIUeF++qOnGiGgH2giFJlRprHmx2l3E3DukR1v8pt54PGvfrFw==
    dependencies:
      "@jimp/utils" "^0.6.4"
      core-js "^2.5.7"
      load-bmfont "^1.4.0"
  
  "@jimp/plugin-resize@^0.6.4":
    version "0.6.4"
    resolved "https://registry.yarnpkg.com/@jimp/plugin-resize/-/plugin-resize-0.6.4.tgz#cf6b253b4f40a6f9678509b391bf5a8d261951c8"
    integrity sha512-fk2+KheUNClrOWj6aDNWj1r4byVQb6Qxy4aT1UHX5GXPHDA+nhlej7ghaYdzeWZYodeM3lpasYtByu1XE2qScQ==
    dependencies:
      "@jimp/utils" "^0.6.4"
      core-js "^2.5.7"
  
  "@jimp/plugin-rotate@^0.6.4":
    version "0.6.4"
    resolved "https://registry.yarnpkg.com/@jimp/plugin-rotate/-/plugin-rotate-0.6.4.tgz#3075538a8f644d78d07ea3f126ee3c85a37302bc"
    integrity sha512-44VgV5D4xQIYInJAVevdW9J3SOhGKyz0OEr2ciA8Q3ktonKx0O5Q1g2kbruiqxFSkK/u2CKPLeKXZzYCFrmJGQ==
    dependencies:
      "@jimp/utils" "^0.6.4"
      core-js "^2.5.7"
  
  "@jimp/plugin-scale@^0.6.4":
    version "0.6.4"
    resolved "https://registry.yarnpkg.com/@jimp/plugin-scale/-/plugin-scale-0.6.4.tgz#062305d129ab80d0e49df021ab96202b0594a3dc"
    integrity sha512-RAQRaDiCHmEz+A8QS5d/Z38EnlNsQizz3Mu3NsjA8uFtJsv1yMKWXZSQuzniofZw8tlMV6oI3VdM0eQVE07/5w==
    dependencies:
      "@jimp/utils" "^0.6.4"
      core-js "^2.5.7"
  
  "@jimp/plugins@^0.6.4":
    version "0.6.4"
    resolved "https://registry.yarnpkg.com/@jimp/plugins/-/plugins-0.6.4.tgz#341eeadab17ab1a1bac99b788acf2a43369f119d"
    integrity sha512-NpO/87CKnF4Q9r8gMl6w+jPKOM/C089qExkViD9cPvcFZEnyVOu7ucGzcMmTcabWOU62iQTOkRViPYr6XaK0LQ==
    dependencies:
      "@jimp/plugin-blit" "^0.6.4"
      "@jimp/plugin-blur" "^0.6.4"
      "@jimp/plugin-color" "^0.6.4"
      "@jimp/plugin-contain" "^0.6.4"
      "@jimp/plugin-cover" "^0.6.4"
      "@jimp/plugin-crop" "^0.6.4"
      "@jimp/plugin-displace" "^0.6.4"
      "@jimp/plugin-dither" "^0.6.4"
      "@jimp/plugin-flip" "^0.6.4"
      "@jimp/plugin-gaussian" "^0.6.4"
      "@jimp/plugin-invert" "^0.6.4"
      "@jimp/plugin-mask" "^0.6.4"
      "@jimp/plugin-normalize" "^0.6.4"
      "@jimp/plugin-print" "^0.6.4"
      "@jimp/plugin-resize" "^0.6.4"
      "@jimp/plugin-rotate" "^0.6.4"
      "@jimp/plugin-scale" "^0.6.4"
      core-js "^2.5.7"
      timm "^1.6.1"
  
  "@jimp/png@^0.6.4":
    version "0.6.4"
    resolved "https://registry.yarnpkg.com/@jimp/png/-/png-0.6.4.tgz#2a74b14d1c968d1f09e684803d6e170950728b55"
    integrity sha512-qv3oo6ll3XWVIToBwVC1wQX0MFKwpxbe2o+1ld9B4ZDavqvAHzalzcmTd/iyooI85CVDAcC3RRDo66oiizGZCQ==
    dependencies:
      "@jimp/utils" "^0.6.4"
      core-js "^2.5.7"
      pngjs "^3.3.3"
  
  "@jimp/tiff@^0.6.4":
    version "0.6.4"
    resolved "https://registry.yarnpkg.com/@jimp/tiff/-/tiff-0.6.4.tgz#c999751b977f01817d785327732ed4e40a4ecc9a"
    integrity sha512-8/vD4qleexmhPdppiu6fSstj/n/kGNTn8iIlf1emiqOuMN2PL9q5GOPDWU0xWdGNyJMMIDXJPgUFUkKfqXdg7w==
    dependencies:
      core-js "^2.5.7"
      utif "^2.0.1"
  
  "@jimp/types@^0.6.4":
    version "0.6.4"
    resolved "https://registry.yarnpkg.com/@jimp/types/-/types-0.6.4.tgz#242fce9a914875e0b48b6ebac2ab55e95714cdf8"
    integrity sha512-/EMbipQDg5U6DnBAgcSiydlMBRYoKhnaK7MJRImeTzhDJ6xfgNOF7lYq66o0kmaezKdG/cIwZ1CLecn2y3D8SQ==
    dependencies:
      "@jimp/bmp" "^0.6.4"
      "@jimp/gif" "^0.6.4"
      "@jimp/jpeg" "^0.6.4"
      "@jimp/png" "^0.6.4"
      "@jimp/tiff" "^0.6.4"
      core-js "^2.5.7"
      timm "^1.6.1"
  
  "@jimp/utils@^0.6.4":
    version "0.6.4"
    resolved "https://registry.yarnpkg.com/@jimp/utils/-/utils-0.6.4.tgz#4a17103829c8487384539f1c2b1db257bbd30c0b"
    integrity sha512-EFQurCyEnZLSM2Q1BYDTUmsOJPSOYEQd18Fvq8bGo8hnBHoGLWLWWyNi2l4cYhtpKmIXyhvQqa6/WaEpKPzvqA==
    dependencies:
      core-js "^2.5.7"
  
  "@popmotion/easing@^1.0.1":
    version "1.0.2"
    resolved "https://registry.yarnpkg.com/@popmotion/easing/-/easing-1.0.2.tgz#17d925c45b4bf44189e5a38038d149df42d8c0b4"
    integrity sha512-IkdW0TNmRnWTeWI7aGQIVDbKXPWHVEYdGgd5ZR4SH/Ty/61p63jCjrPxX1XrR7IGkl08bjhJROStD7j+RKgoIw==
  
  "@popmotion/popcorn@^0.4.0":
    version "0.4.0"
    resolved "https://registry.yarnpkg.com/@popmotion/popcorn/-/popcorn-0.4.0.tgz#089ba62a7a8801ba18876d42149d4289992b926c"
    integrity sha512-vrCzLNT/ZscfrviWirZwRvpD9hSzCTNRxgUwHb1xvDNKJaXSNKTAeS/aiIdV3A/o/09Gu9CyMI0BpVGhK78wnw==
    dependencies:
      "@popmotion/easing" "^1.0.1"
      framesync "^4.0.1"
      hey-listen "^1.0.8"
      style-value-types "^3.1.4"
  
  "@types/animejs@^2.0.2":
    version "2.0.2"
    resolved "https://registry.yarnpkg.com/@types/animejs/-/animejs-2.0.2.tgz#80ec902fb0dc90778fbcdaf080c03c44ddda979f"
    integrity sha512-ACymFQ5qgSrZNR1Fqjk7Wv9gH6dFgejn2gpLkkceWxTKzivRJsshX4xhBVALgvF79gUdXiMCRIdusN728XpeGA==
  
  "@types/bluebird@^3.0.37":
    version "3.5.27"
    resolved "https://registry.yarnpkg.com/@types/bluebird/-/bluebird-3.5.27.tgz#61eb4d75dc6bfbce51cf49ee9bbebe941b2cb5d0"
    integrity sha512-6BmYWSBea18+tSjjSC3QIyV93ZKAeNWGM7R6aYt1ryTZXrlHF+QLV0G2yV0viEGVyRkyQsWfMoJ0k/YghBX5sQ==
  
  "@types/jimp@^0.2.0":
    version "0.2.28"
    resolved "https://registry.yarnpkg.com/@types/jimp/-/jimp-0.2.28.tgz#88dc2aae028eca50008d70c2f6926b2a2d4f30e7"
    integrity sha512-nLIVbImtcaEf90y2XQsMzfgWK5EZxfDg6EVWobrkFTFJiLqmx/yU5Jh+LYUN94ztzXX1GwQLFYHaEi8tfMeZzw==
    dependencies:
      jimp "*"
  
  "@types/lodash@^4.14.53":
    version "4.14.134"
    resolved "https://registry.yarnpkg.com/@types/lodash/-/lodash-4.14.134.tgz#9032b440122db3a2a56200e91191996161dde5b9"
    integrity sha512-2/O0khFUCFeDlbi7sZ7ZFRCcT812fAeOLm7Ev4KbwASkZ575TDrDcY7YyaoHdTOzKcNbfiwLYZqPmoC4wadrsw==
  
  "@types/node@^8.0.53":
    version "8.10.49"
    resolved "https://registry.yarnpkg.com/@types/node/-/node-8.10.49.tgz#f331afc5efed0796798e5591d6e0ece636969b7b"
    integrity sha512-YX30JVx0PvSmJ3Eqr74fYLGeBxD+C7vIL20ek+GGGLJeUbVYRUW3EzyAXpIRA0K8c8o0UWqR/GwEFYiFoz1T8w==
  
  "@types/prop-types@*":
    version "15.7.0"
    resolved "https://registry.yarnpkg.com/@types/prop-types/-/prop-types-15.7.0.tgz#4c48fed958d6dcf9487195a0ef6456d5f6e0163a"
    integrity sha512-eItQyV43bj4rR3JPV0Skpl1SncRCdziTEK9/v8VwXmV6d/qOUO8/EuWeHBbCZcsfSHfzI5UyMJLCSXtxxznyZg==
  
  "@types/react-dom@^16.8.2":
    version "16.8.4"
    resolved "https://registry.yarnpkg.com/@types/react-dom/-/react-dom-16.8.4.tgz#7fb7ba368857c7aa0f4e4511c4710ca2c5a12a88"
    integrity sha512-eIRpEW73DCzPIMaNBDP5pPIpK1KXyZwNgfxiVagb5iGiz6da+9A5hslSX6GAQKdO7SayVCS/Fr2kjqprgAvkfA==
    dependencies:
      "@types/react" "*"
  
  "@types/react@*", "@types/react@^16.0.31", "@types/react@^16.8.5":
    version "16.8.22"
    resolved "https://registry.yarnpkg.com/@types/react/-/react-16.8.22.tgz#7f18bf5ea0c1cad73c46b6b1c804a3ce0eec6d54"
    integrity sha512-C3O1yVqk4sUXqWyx0wlys76eQfhrQhiDhDlHBrjER76lR2S2Agiid/KpOU9oCqj1dISStscz7xXz1Cg8+sCQeA==
    dependencies:
      "@types/prop-types" "*"
      csstype "^2.2.0"
  
  "@types/react@^16.8":
    version "16.8.4"
    resolved "https://registry.yarnpkg.com/@types/react/-/react-16.8.4.tgz#134307f5266e866d5e7c25e47f31f9abd5b2ea34"
    integrity sha512-Mpz1NNMJvrjf0GcDqiK8+YeOydXfD8Mgag3UtqQ5lXYTsMnOiHcKmO48LiSWMb1rSHB9MV/jlgyNzeAVxWMZRQ==
    dependencies:
      "@types/prop-types" "*"
      csstype "^2.2.0"
  
  ajv@^6.5.5:
    version "6.10.0"
    resolved "https://registry.yarnpkg.com/ajv/-/ajv-6.10.0.tgz#90d0d54439da587cd7e843bfb7045f50bd22bdf1"
    integrity sha512-nffhOpkymDECQyR0mnsUtoCE8RlX38G0rYP+wgLWFyZuUyuuojSSvi/+euOiQBIn63whYwYVIIH1TvE3tu4OEg==
    dependencies:
      fast-deep-equal "^2.0.1"
      fast-json-stable-stringify "^2.0.0"
      json-schema-traverse "^0.4.1"
      uri-js "^4.2.2"
  
  animejs@^3.0.1:
    version "3.0.1"
    resolved "https://registry.yarnpkg.com/animejs/-/animejs-3.0.1.tgz#8b808bad575e3b6106489d8b04b92bc4062166fe"
    integrity sha512-7mMoBQScvA7s4zm3EVgnuXXrtOu6TJNAhU+Ajo7HsXYH0NwbuZIcRHMO65a9NyUlmAXz4VPxlK5cENNOQbCi8g==
  
  ansi-styles@^3.2.1:
    version "3.2.1"
    resolved "https://registry.yarnpkg.com/ansi-styles/-/ansi-styles-3.2.1.tgz#41fbb20243e50b12be0f04b8dedbf07520ce841d"
    integrity sha512-VT0ZI6kZRdTh8YyJw3SMbYm/u+NqfsAxEpWO0Pf9sq8/e94WxxOpPKx9FR1FlyCtOVDNOQ+8ntlqFxiRc+r5qA==
    dependencies:
      color-convert "^1.9.0"
  
  any-base@^1.1.0:
    version "1.1.0"
    resolved "https://registry.yarnpkg.com/any-base/-/any-base-1.1.0.tgz#ae101a62bc08a597b4c9ab5b7089d456630549fe"
    integrity sha512-uMgjozySS8adZZYePpaWs8cxB9/kdzmpX6SgJZ+wbz1K5eYk5QMYDVJaZKhxyIHUdnnJkfR7SVgStgH7LkGUyg==
  
  asn1@~0.2.3:
    version "0.2.4"
    resolved "https://registry.yarnpkg.com/asn1/-/asn1-0.2.4.tgz#8d2475dfab553bb33e77b54e59e880bb8ce23136"
    integrity sha512-jxwzQpLQjSmWXgwaCZE9Nz+glAG01yF1QnWgbhGwHI5A6FRIEY6IVqtHhIepHqI7/kyEyQEagBC5mBEFlIYvdg==
    dependencies:
      safer-buffer "~2.1.0"
  
  assert-plus@1.0.0, assert-plus@^1.0.0:
    version "1.0.0"
    resolved "https://registry.yarnpkg.com/assert-plus/-/assert-plus-1.0.0.tgz#f12e0f3c5d77b0b1cdd9146942e4e96c1e4dd525"
    integrity sha1-8S4PPF13sLHN2RRpQuTpbB5N1SU=
  
  asynckit@^0.4.0:
    version "0.4.0"
    resolved "https://registry.yarnpkg.com/asynckit/-/asynckit-0.4.0.tgz#c79ed97f7f34cb8f2ba1bc9790bcc366474b4b79"
    integrity sha1-x57Zf380y48robyXkLzDZkdLS3k=
  
  aws-sign2@~0.7.0:
    version "0.7.0"
    resolved "https://registry.yarnpkg.com/aws-sign2/-/aws-sign2-0.7.0.tgz#b46e890934a9591f2d2f6f86d7e6a9f1b3fe76a8"
    integrity sha1-tG6JCTSpWR8tL2+G1+ap8bP+dqg=
  
  aws4@^1.8.0:
    version "1.8.0"
    resolved "https://registry.yarnpkg.com/aws4/-/aws4-1.8.0.tgz#f0e003d9ca9e7f59c7a508945d7b2ef9a04a542f"
    integrity sha512-ReZxvNHIOv88FlT7rxcXIIC0fPt4KZqZbOlivyWtXLt8ESx84zd3kMC6iK5jVeS2qt+g7ftS7ye4fi06X5rtRQ==
  
  "babel-plugin-styled-components@>= 1":
    version "1.10.2"
    resolved "https://registry.yarnpkg.com/babel-plugin-styled-components/-/babel-plugin-styled-components-1.10.2.tgz#0d9af9521ec99cf8e14182685162e09b119de176"
    integrity sha512-gA67BkMbddFPkTjD2bBe7zE6NNEUNK/7A4uDxwSigA3h1+sL2b6mWhxPu9a5DKf+3TvmdoxvtJ4me2NE7k66Ng==
    dependencies:
      "@babel/helper-annotate-as-pure" "^7.0.0"
      "@babel/helper-module-imports" "^7.0.0"
      babel-plugin-syntax-jsx "^6.18.0"
      lodash "^4.17.11"
  
  babel-plugin-syntax-jsx@^6.18.0:
    version "6.18.0"
    resolved "https://registry.yarnpkg.com/babel-plugin-syntax-jsx/-/babel-plugin-syntax-jsx-6.18.0.tgz#0af32a9a6e13ca7a3fd5069e62d7b0f58d0d8946"
    integrity sha1-CvMqmm4Tyno/1QaeYtew9Y0NiUY=
  
  base64-js@^1.0.2:
    version "1.3.0"
    resolved "https://registry.yarnpkg.com/base64-js/-/base64-js-1.3.0.tgz#cab1e6118f051095e58b5281aea8c1cd22bfc0e3"
    integrity sha512-ccav/yGvoa80BQDljCxsmmQ3Xvx60/UpBIij5QN21W3wBi/hhIC9OoO+KLpu9IJTS9j4DRVJ3aDDF9cMSoa2lw==
  
  bcrypt-pbkdf@^1.0.0:
    version "1.0.2"
    resolved "https://registry.yarnpkg.com/bcrypt-pbkdf/-/bcrypt-pbkdf-1.0.2.tgz#a4301d389b6a43f9b67ff3ca11a3f6637e360e9e"
    integrity sha1-pDAdOJtqQ/m2f/PKEaP2Y342Dp4=
    dependencies:
      tweetnacl "^0.14.3"
  
  bignumber.js@^2.1.0:
    version "2.4.0"
    resolved "https://registry.yarnpkg.com/bignumber.js/-/bignumber.js-2.4.0.tgz#838a992da9f9d737e0f4b2db0be62bb09dd0c5e8"
    integrity sha1-g4qZLan51zfg9LLbC+YrsJ3Qxeg=
  
  bluebird@^3.4.7:
    version "3.5.5"
    resolved "https://registry.yarnpkg.com/bluebird/-/bluebird-3.5.5.tgz#a8d0afd73251effbbd5fe384a77d73003c17a71f"
    integrity sha512-5am6HnnfN+urzt4yfg7IgTbotDjIT/u8AJpEt0sIU9FtXfVeezXAPKswrG+xKUCOYAINpSdgZVDU6QFh+cuH3w==
  
  bmp-js@0.0.3:
    version "0.0.3"
    resolved "https://registry.yarnpkg.com/bmp-js/-/bmp-js-0.0.3.tgz#64113e9c7cf1202b376ed607bf30626ebe57b18a"
    integrity sha1-ZBE+nHzxICs3btYHvzBibr5XsYo=
  
  bmp-js@^0.1.0:
    version "0.1.0"
    resolved "https://registry.yarnpkg.com/bmp-js/-/bmp-js-0.1.0.tgz#e05a63f796a6c1ff25f4771ec7adadc148c07233"
    integrity sha1-4Fpj95amwf8l9Hcex62twUjAcjM=
  
  buffer-equal@0.0.1:
    version "0.0.1"
    resolved "https://registry.yarnpkg.com/buffer-equal/-/buffer-equal-0.0.1.tgz#91bc74b11ea405bc916bc6aa908faafa5b4aac4b"
    integrity sha1-kbx0sR6kBbyRa8aqkI+q+ltKrEs=
  
  buffer@^5.2.0:
    version "5.2.1"
    resolved "https://registry.yarnpkg.com/buffer/-/buffer-5.2.1.tgz#dd57fa0f109ac59c602479044dca7b8b3d0b71d6"
    integrity sha512-c+Ko0loDaFfuPWiL02ls9Xd3GO3cPVmUobQ6t3rXNUk304u6hGq+8N/kFi+QEIKhzK3uwolVhLzszmfLmMLnqg==
    dependencies:
      base64-js "^1.0.2"
      ieee754 "^1.1.4"
  
  camelize@^1.0.0:
    version "1.0.0"
    resolved "https://registry.yarnpkg.com/camelize/-/camelize-1.0.0.tgz#164a5483e630fa4321e5af07020e531831b2609b"
    integrity sha1-FkpUg+Yw+kMh5a8HAg5TGDGyYJs=
  
  caseless@~0.12.0:
    version "0.12.0"
    resolved "https://registry.yarnpkg.com/caseless/-/caseless-0.12.0.tgz#1b681c21ff84033c826543090689420d187151dc"
    integrity sha1-G2gcIf+EAzyCZUMJBolCDRhxUdw=
  
  chalk@^2.0.0:
    version "2.4.2"
    resolved "https://registry.yarnpkg.com/chalk/-/chalk-2.4.2.tgz#cd42541677a54333cf541a49108c1432b44c9424"
    integrity sha512-Mti+f9lpJNcwF4tWV8/OrTTtF1gZi+f8FqlyAdouralcFWFQWF2+NgCHShjkCb+IFBLq9buZwE1xckQU4peSuQ==
    dependencies:
      ansi-styles "^3.2.1"
      escape-string-regexp "^1.0.5"
      supports-color "^5.3.0"
  
  color-convert@^1.9.0:
    version "1.9.3"
    resolved "https://registry.yarnpkg.com/color-convert/-/color-convert-1.9.3.tgz#bb71850690e1f136567de629d2d5471deda4c1e8"
    integrity sha512-QfAUtd+vFdAtFQcC8CCyYt1fYWxSqAiK2cSD6zDB8N3cpsEBAvRxp9zOGg6G/SHHJYAT88/az/IuDGALsNVbGg==
    dependencies:
      color-name "1.1.3"
  
  color-name@1.1.3:
    version "1.1.3"
    resolved "https://registry.yarnpkg.com/color-name/-/color-name-1.1.3.tgz#a7d0558bd89c42f795dd42328f740831ca53bc25"
    integrity sha1-p9BVi9icQveV3UIyj3QIMcpTvCU=
  
  combined-stream@^1.0.6, combined-stream@~1.0.6:
    version "1.0.8"
    resolved "https://registry.yarnpkg.com/combined-stream/-/combined-stream-1.0.8.tgz#c3d45a8b34fd730631a110a8a2520682b31d5a7f"
    integrity sha512-FQN4MRfuJeHf7cBbBMJFXhKSDq+2kAArBlmRBvcvFE5BB1HZKXtSFASDhdlz9zOYwxh8lDdnvmMOe/+5cdoEdg==
    dependencies:
      delayed-stream "~1.0.0"
  
  complex.js@2.0.11:
    version "2.0.11"
    resolved "https://registry.yarnpkg.com/complex.js/-/complex.js-2.0.11.tgz#09a873fbf15ffd8c18c9c2201ccef425c32b8bf1"
    integrity sha512-6IArJLApNtdg1P1dFtn3dnyzoZBEF0MwMnrfF1exSBRpZYoy4yieMkpZhQDC0uwctw48vii0CFVyHfpgZ/DfGw==
  
  core-js@^2.5.7, core-js@^2.6.5:
    version "2.6.9"
    resolved "https://registry.yarnpkg.com/core-js/-/core-js-2.6.9.tgz#6b4b214620c834152e179323727fc19741b084f2"
    integrity sha512-HOpZf6eXmnl7la+cUdMnLvUxKNqLUzJvgIziQ0DiF3JwSImNphIqdGqzj6hIKyX04MmV0poclQ7+wjWvxQyR2A==
  
  core-util-is@1.0.2:
    version "1.0.2"
    resolved "https://registry.yarnpkg.com/core-util-is/-/core-util-is-1.0.2.tgz#b5fd54220aa2bc5ab57aab7140c940754503c1a7"
    integrity sha1-tf1UIgqivFq1eqtxQMlAdUUDwac=
  
  css-color-keywords@^1.0.0:
    version "1.0.0"
    resolved "https://registry.yarnpkg.com/css-color-keywords/-/css-color-keywords-1.0.0.tgz#fea2616dc676b2962686b3af8dbdbe180b244e05"
    integrity sha1-/qJhbcZ2spYmhrOvjb2+GAskTgU=
  
  css-to-react-native@^2.2.2:
    version "2.3.1"
    resolved "https://registry.yarnpkg.com/css-to-react-native/-/css-to-react-native-2.3.1.tgz#cf0f61e0514846e2d4dc188b0886e29d8bef64a2"
    integrity sha512-yO+oEx1Lf+hDKasqQRVrAvzMCz825Huh1VMlEEDlRWyAhFb/FWb6I0KpEF1PkyKQ7NEdcx9d5M2ZEWgJAsgPvQ==
    dependencies:
      camelize "^1.0.0"
      css-color-keywords "^1.0.0"
      postcss-value-parser "^3.3.0"
  
  csstype@^2.2.0:
    version "2.6.1"
    resolved "https://registry.yarnpkg.com/csstype/-/csstype-2.6.1.tgz#4cfbf637a577497036ebcd7e32647ef19a0b8076"
    integrity sha512-wv7IRqCGsL7WGKB8gPvrl+++HlFM9kxAM6jL1EXNPNTshEJYilMkbfS2SnuHha77uosp/YVK0wAp2jmlBzn1tg==
  
  dashdash@^1.12.0:
    version "1.14.1"
    resolved "https://registry.yarnpkg.com/dashdash/-/dashdash-1.14.1.tgz#853cfa0f7cbe2fed5de20326b8dd581035f6e2f0"
    integrity sha1-hTz6D3y+L+1d4gMmuN1YEDX24vA=
    dependencies:
      assert-plus "^1.0.0"
  
  debug@^4.1.0:
    version "4.1.1"
    resolved "https://registry.yarnpkg.com/debug/-/debug-4.1.1.tgz#3b72260255109c6b589cee050f1d516139664791"
    integrity sha512-pYAIzeRo8J6KPEaJ0VWOh5Pzkbw/RetuzehGM7QRRX5he4fPHx2rdKMB256ehJCkX+XRQm16eZLqLNS8RSZXZw==
    dependencies:
      ms "^2.1.1"
  
  decimal.js@10.2.0:
    version "10.2.0"
    resolved "https://registry.yarnpkg.com/decimal.js/-/decimal.js-10.2.0.tgz#39466113a9e036111d02f82489b5fd6b0b5ed231"
    integrity sha512-vDPw+rDgn3bZe1+F/pyEwb1oMG2XTlRVgAa6B4KccTEpYgF8w6eQllVbQcfIJnZyvzFtFpxnpGtx8dd7DJp/Rw==
  
  define-properties@^1.1.2:
    version "1.1.3"
    resolved "https://registry.yarnpkg.com/define-properties/-/define-properties-1.1.3.tgz#cf88da6cbee26fe6db7094f61d870cbd84cee9f1"
    integrity sha512-3MqfYKj2lLzdMSf8ZIZE/V+Zuy+BgD6f164e8K2w7dgnpKArBDerGYpM46IYYcjnkdPNMjPk9A6VFB8+3SKlXQ==
    dependencies:
      object-keys "^1.0.12"
  
  delayed-stream@~1.0.0:
    version "1.0.0"
    resolved "https://registry.yarnpkg.com/delayed-stream/-/delayed-stream-1.0.0.tgz#df3ae199acadfb7d440aaae0b29e2272b24ec619"
    integrity sha1-3zrhmayt+31ECqrgsp4icrJOxhk=
  
  dom-walk@^0.1.0:
    version "0.1.1"
    resolved "https://registry.yarnpkg.com/dom-walk/-/dom-walk-0.1.1.tgz#672226dc74c8f799ad35307df936aba11acd6018"
    integrity sha1-ZyIm3HTI95mtNTB9+TaroRrNYBg=
  
  ecc-jsbn@~0.1.1:
    version "0.1.2"
    resolved "https://registry.yarnpkg.com/ecc-jsbn/-/ecc-jsbn-0.1.2.tgz#3a83a904e54353287874c564b7549386849a98c9"
    integrity sha1-OoOpBOVDUyh4dMVkt1SThoSamMk=
    dependencies:
      jsbn "~0.1.0"
      safer-buffer "^2.1.0"
  
  es-abstract@^1.5.0:
    version "1.13.0"
    resolved "https://registry.yarnpkg.com/es-abstract/-/es-abstract-1.13.0.tgz#ac86145fdd5099d8dd49558ccba2eaf9b88e24e9"
    integrity sha512-vDZfg/ykNxQVwup/8E1BZhVzFfBxs9NqMzGcvIJrqg5k2/5Za2bWo40dK2J1pgLngZ7c+Shh8lwYtLGyrwPutg==
    dependencies:
      es-to-primitive "^1.2.0"
      function-bind "^1.1.1"
      has "^1.0.3"
      is-callable "^1.1.4"
      is-regex "^1.0.4"
      object-keys "^1.0.12"
  
  es-to-primitive@^1.2.0:
    version "1.2.0"
    resolved "https://registry.yarnpkg.com/es-to-primitive/-/es-to-primitive-1.2.0.tgz#edf72478033456e8dda8ef09e00ad9650707f377"
    integrity sha512-qZryBOJjV//LaxLTV6UC//WewneB3LcXOL9NP++ozKVXsIIIpm/2c13UDiD9Jp2eThsecw9m3jPqDwTyobcdbg==
    dependencies:
      is-callable "^1.1.4"
      is-date-object "^1.0.1"
      is-symbol "^1.0.2"
  
  es6-promise@^3.0.2:
    version "3.3.1"
    resolved "https://registry.yarnpkg.com/es6-promise/-/es6-promise-3.3.1.tgz#a08cdde84ccdbf34d027a1451bc91d4bcd28a613"
    integrity sha1-oIzd6EzNvzTQJ6FFG8kdS80ophM=
  
  escape-latex@1.2.0:
    version "1.2.0"
    resolved "https://registry.yarnpkg.com/escape-latex/-/escape-latex-1.2.0.tgz#07c03818cf7dac250cce517f4fda1b001ef2bca1"
    integrity sha512-nV5aVWW1K0wEiUIEdZ4erkGGH8mDxGyxSeqPzRNtWP7ataw+/olFObw7hujFWlVjNsaDFw5VZ5NzVSIqRgfTiw==
  
  escape-string-regexp@^1.0.5:
    version "1.0.5"
    resolved "https://registry.yarnpkg.com/escape-string-regexp/-/escape-string-regexp-1.0.5.tgz#1b61c0562190a8dff6ae3bb2cf0200ca130b86d4"
    integrity sha1-G2HAViGQqN/2rjuyzwIAyhMLhtQ=
  
  esutils@^2.0.2:
    version "2.0.2"
    resolved "https://registry.yarnpkg.com/esutils/-/esutils-2.0.2.tgz#0abf4f1caa5bcb1f7a9d8acc6dea4faaa04bac9b"
    integrity sha1-Cr9PHKpbyx96nYrMbepPqqBLrJs=
  
  exif-parser@^0.1.12, exif-parser@^0.1.9:
    version "0.1.12"
    resolved "https://registry.yarnpkg.com/exif-parser/-/exif-parser-0.1.12.tgz#58a9d2d72c02c1f6f02a0ef4a9166272b7760922"
    integrity sha1-WKnS1ywCwfbwKg70qRZicrd2CSI=
  
  extend@~3.0.2:
    version "3.0.2"
    resolved "https://registry.yarnpkg.com/extend/-/extend-3.0.2.tgz#f8b1136b4071fbd8eb140aff858b1019ec2915fa"
    integrity sha512-fjquC59cD7CyW6urNXK0FBufkZcoiGG80wTuPujX590cB5Ttln20E2UB4S/WARVqhXffZl2LNgS+gQdPIIim/g==
  
  extsprintf@1.3.0:
    version "1.3.0"
    resolved "https://registry.yarnpkg.com/extsprintf/-/extsprintf-1.3.0.tgz#96918440e3041a7a414f8c52e3c574eb3c3e1e05"
    integrity sha1-lpGEQOMEGnpBT4xS48V06zw+HgU=
  
  extsprintf@^1.2.0:
    version "1.4.0"
    resolved "https://registry.yarnpkg.com/extsprintf/-/extsprintf-1.4.0.tgz#e2689f8f356fad62cca65a3a91c5df5f9551692f"
    integrity sha1-4mifjzVvrWLMplo6kcXfX5VRaS8=
  
  fast-deep-equal@^2.0.1:
    version "2.0.1"
    resolved "https://registry.yarnpkg.com/fast-deep-equal/-/fast-deep-equal-2.0.1.tgz#7b05218ddf9667bf7f370bf7fdb2cb15fdd0aa49"
    integrity sha1-ewUhjd+WZ79/Nwv3/bLLFf3Qqkk=
  
  fast-json-stable-stringify@^2.0.0:
    version "2.0.0"
    resolved "https://registry.yarnpkg.com/fast-json-stable-stringify/-/fast-json-stable-stringify-2.0.0.tgz#d5142c0caee6b1189f87d3a76111064f86c8bbf2"
    integrity sha1-1RQsDK7msRifh9OnYREGT4bIu/I=
  
  file-type@^3.1.0:
    version "3.9.0"
    resolved "https://registry.yarnpkg.com/file-type/-/file-type-3.9.0.tgz#257a078384d1db8087bc449d107d52a52672b9e9"
    integrity sha1-JXoHg4TR24CHvESdEH1SpSZyuek=
  
  file-type@^9.0.0:
    version "9.0.0"
    resolved "https://registry.yarnpkg.com/file-type/-/file-type-9.0.0.tgz#a68d5ad07f486414dfb2c8866f73161946714a18"
    integrity sha512-Qe/5NJrgIOlwijpq3B7BEpzPFcgzggOTagZmkXQY4LA6bsXKTUstK7Wp12lEJ/mLKTpvIZxmIuRcLYWT6ov9lw==
  
  for-each@^0.3.3:
    version "0.3.3"
    resolved "https://registry.yarnpkg.com/for-each/-/for-each-0.3.3.tgz#69b447e88a0a5d32c3e7084f3f1710034b21376e"
    integrity sha512-jqYfLp7mo9vIyQf8ykW2v7A+2N4QjeCeI5+Dz9XraiO1ign81wjiH7Fb9vSOWvQfNtmSa4H2RoQTrrXivdUZmw==
    dependencies:
      is-callable "^1.1.3"
  
  forever-agent@~0.6.1:
    version "0.6.1"
    resolved "https://registry.yarnpkg.com/forever-agent/-/forever-agent-0.6.1.tgz#fbc71f0c41adeb37f96c577ad1ed42d8fdacca91"
    integrity sha1-+8cfDEGt6zf5bFd60e1C2P2sypE=
  
  form-data@~2.3.2:
    version "2.3.3"
    resolved "https://registry.yarnpkg.com/form-data/-/form-data-2.3.3.tgz#dcce52c05f644f298c6a7ab936bd724ceffbf3a6"
    integrity sha512-1lLKB2Mu3aGP1Q/2eCOx0fNbRMe7XdwktwOruhfqqd0rIJWwN4Dh+E3hrPSlDCXnSR7UtZ1N38rVXm+6+MEhJQ==
    dependencies:
      asynckit "^0.4.0"
      combined-stream "^1.0.6"
      mime-types "^2.1.12"
  
  fraction.js@4.0.12:
    version "4.0.12"
    resolved "https://registry.yarnpkg.com/fraction.js/-/fraction.js-4.0.12.tgz#0526d47c65a5fb4854df78bc77f7bec708d7b8c3"
    integrity sha512-8Z1K0VTG4hzYY7kA/1sj4/r1/RWLBD3xwReT/RCrUCbzPszjNQCCsy3ktkU/eaEqX3MYa4pY37a52eiBlPMlhA==
  
  framer-controller@^1.8.2:
    version "1.8.2"
    resolved "https://registry.yarnpkg.com/framer-controller/-/framer-controller-1.8.2.tgz#8d2991f9bbde1958bbcd7111795148b45e84b2e7"
    integrity sha512-VbAw6XPdovha++OXBU/EfbXty0RtzlkRTFqQnhdW1jx2qJ29ZQJJIZtYvxy1IvoYMjriJF3M7DrpYTNqNiPhYg==
    dependencies:
      "@types/animejs" "^2.0.2"
      "@types/react" "^16.8.5"
      "@types/react-dom" "^16.8.2"
      animejs "^3.0.1"
      framer "^1.0.2"
      framer-motion "^0.16.10"
  
  framer-motion@^0.16.10:
    version "0.16.11"
    resolved "https://registry.yarnpkg.com/framer-motion/-/framer-motion-0.16.11.tgz#cd3c3da722c9c3a4516e44e9bb208efd45400ab8"
    integrity sha512-8XgNHPMMJUe3jVXNb6wJDkLZA5FxeNqAHHkm8x5q4gcPxy0qYZda37SMg+5VnRvZ6gBxGEyO9hViRcoH/X7wCQ==
    dependencies:
      "@emotion/is-prop-valid" "^0.7.3"
      "@popmotion/popcorn" "^0.4.0"
      framesync "^4.0.2"
      hey-listen "^1.0.8"
      popmotion "^8.6.9"
      style-value-types "^3.1.4"
      stylefire "^4.1.4"
  
  framer@^1.0.2:
    version "1.0.12"
    resolved "https://registry.yarnpkg.com/framer/-/framer-1.0.12.tgz#e2d73e14d4b6a2192da67381edb7b3399298a64b"
    integrity sha512-eQYbcspaP2MVVEpKChBHQh09f8W15rS3hFgsxBRzI7mUmbNkKlZxsQlO9bqZKc9cw+wf51dVVhvfmzn1IKFaLg==
  
  framesync@^4.0.0, framesync@^4.0.1, framesync@^4.0.2:
    version "4.0.2"
    resolved "https://registry.yarnpkg.com/framesync/-/framesync-4.0.2.tgz#b03b62852f12b0d80086b60834b089718f03cda5"
    integrity sha512-hQLD5NURHmzB4Symo6JJ5HDw2TWwhr6T3gw9aChNMsZvkxcD8U8Gcz/hllAOOMGE+HO3ScpRPahpXDQRgF19JQ==
    dependencies:
      hey-listen "^1.0.5"
  
  function-bind@^1.0.2, function-bind@^1.1.1:
    version "1.1.1"
    resolved "https://registry.yarnpkg.com/function-bind/-/function-bind-1.1.1.tgz#a56899d3ea3c9bab874bb9773b7c5ede92f4895d"
    integrity sha512-yIovAzMX49sF8Yl58fSCWJ5svSLuaibPxXQJFLmBObTuCr0Mf1KiPopGM9NiFjiYBCbfaa2Fh6breQ6ANVTI0A==
  
  getpass@^0.1.1:
    version "0.1.7"
    resolved "https://registry.yarnpkg.com/getpass/-/getpass-0.1.7.tgz#5eff8e3e684d569ae4cb2b1282604e8ba62149fa"
    integrity sha1-Xv+OPmhNVprkyysSgmBOi6YhSfo=
    dependencies:
      assert-plus "^1.0.0"
  
  global@~4.3.0:
    version "4.3.2"
    resolved "https://registry.yarnpkg.com/global/-/global-4.3.2.tgz#e76989268a6c74c38908b1305b10fc0e394e9d0f"
    integrity sha1-52mJJopsdMOJCLEwWxD8DjlOnQ8=
    dependencies:
      min-document "^2.19.0"
      process "~0.5.1"
  
  globals@^11.1.0:
    version "11.12.0"
    resolved "https://registry.yarnpkg.com/globals/-/globals-11.12.0.tgz#ab8795338868a0babd8525758018c2a7eb95c42e"
    integrity sha512-WOBp/EEGUiIsJSp7wcv/y6MO+lV9UoncWqxuFfm8eBwzWNgyfBd6Gz+IeKQ9jCmyhoH99g15M3T+QaVHFjizVA==
  
  har-schema@^2.0.0:
    version "2.0.0"
    resolved "https://registry.yarnpkg.com/har-schema/-/har-schema-2.0.0.tgz#a94c2224ebcac04782a0d9035521f24735b7ec92"
    integrity sha1-qUwiJOvKwEeCoNkDVSHyRzW37JI=
  
  har-validator@~5.1.0:
    version "5.1.3"
    resolved "https://registry.yarnpkg.com/har-validator/-/har-validator-5.1.3.tgz#1ef89ebd3e4996557675eed9893110dc350fa080"
    integrity sha512-sNvOCzEQNr/qrvJgc3UG/kD4QtlHycrzwS+6mfTrrSq97BvaYcPZZI1ZSqGSPR73Cxn4LKTD4PttRwfU7jWq5g==
    dependencies:
      ajv "^6.5.5"
      har-schema "^2.0.0"
  
  has-flag@^3.0.0:
    version "3.0.0"
    resolved "https://registry.yarnpkg.com/has-flag/-/has-flag-3.0.0.tgz#b5d454dc2199ae225699f3467e5a07f3b955bafd"
    integrity sha1-tdRU3CGZriJWmfNGfloH87lVuv0=
  
  has-symbols@^1.0.0:
    version "1.0.0"
    resolved "https://registry.yarnpkg.com/has-symbols/-/has-symbols-1.0.0.tgz#ba1a8f1af2a0fc39650f5c850367704122063b44"
    integrity sha1-uhqPGvKg/DllD1yFA2dwQSIGO0Q=
  
  has@^1.0.1, has@^1.0.3:
    version "1.0.3"
    resolved "https://registry.yarnpkg.com/has/-/has-1.0.3.tgz#722d7cbfc1f6aa8241f16dd814e011e1f41e8796"
    integrity sha512-f2dvO0VU6Oej7RkWJGrehjbzMAjFp5/VKPp5tTpWIV4JHHZK1/BxbFRtf/siA2SWTe09caDmVtYYzWEIbBS4zw==
    dependencies:
      function-bind "^1.1.1"
  
  hey-listen@^1.0.5, hey-listen@^1.0.8:
    version "1.0.8"
    resolved "https://registry.yarnpkg.com/hey-listen/-/hey-listen-1.0.8.tgz#8e59561ff724908de1aa924ed6ecc84a56a9aa68"
    integrity sha512-COpmrF2NOg4TBWUJ5UVyaCU2A88wEMkUPK4hNqyCkqHbxT92BbvfjoSozkAIIm6XhicGlJHhFdullInrdhwU8Q==
  
  http-signature@~1.2.0:
    version "1.2.0"
    resolved "https://registry.yarnpkg.com/http-signature/-/http-signature-1.2.0.tgz#9aecd925114772f3d95b65a60abb8f7c18fbace1"
    integrity sha1-muzZJRFHcvPZW2WmCruPfBj7rOE=
    dependencies:
      assert-plus "^1.0.0"
      jsprim "^1.2.2"
      sshpk "^1.7.0"
  
  ieee754@^1.1.4:
    version "1.1.13"
    resolved "https://registry.yarnpkg.com/ieee754/-/ieee754-1.1.13.tgz#ec168558e95aa181fd87d37f55c32bbcb6708b84"
    integrity sha512-4vf7I2LYV/HaWerSo3XmlMkp5eZ83i+/CDluXi/IGTs/O1sejBNhTtnxzmRZfvOUqj7lZjqHkeTvpgSFDlWZTg==
  
  ip-regex@^1.0.1:
    version "1.0.3"
    resolved "https://registry.yarnpkg.com/ip-regex/-/ip-regex-1.0.3.tgz#dc589076f659f419c222039a33316f1c7387effd"
    integrity sha1-3FiQdvZZ9BnCIgOaMzFvHHOH7/0=
  
  is-callable@^1.1.3, is-callable@^1.1.4:
    version "1.1.4"
    resolved "https://registry.yarnpkg.com/is-callable/-/is-callable-1.1.4.tgz#1e1adf219e1eeb684d691f9d6a05ff0d30a24d75"
    integrity sha512-r5p9sxJjYnArLjObpjA4xu5EKI3CuKHkJXMhT7kwbpUyIFD1n5PMAsoPvWnvtZiNz7LjkYDRZhd7FlI0eMijEA==
  
  is-date-object@^1.0.1:
    version "1.0.1"
    resolved "https://registry.yarnpkg.com/is-date-object/-/is-date-object-1.0.1.tgz#9aa20eb6aeebbff77fbd33e74ca01b33581d3a16"
    integrity sha1-mqIOtq7rv/d/vTPnTKAbM1gdOhY=
  
  is-function@^1.0.1:
    version "1.0.1"
    resolved "https://registry.yarnpkg.com/is-function/-/is-function-1.0.1.tgz#12cfb98b65b57dd3d193a3121f5f6e2f437602b5"
    integrity sha1-Es+5i2W1fdPRk6MSH19uL0N2ArU=
  
  is-regex@^1.0.4:
    version "1.0.4"
    resolved "https://registry.yarnpkg.com/is-regex/-/is-regex-1.0.4.tgz#5517489b547091b0930e095654ced25ee97e9491"
    integrity sha1-VRdIm1RwkbCTDglWVM7SXul+lJE=
    dependencies:
      has "^1.0.1"
  
  is-symbol@^1.0.2:
    version "1.0.2"
    resolved "https://registry.yarnpkg.com/is-symbol/-/is-symbol-1.0.2.tgz#a055f6ae57192caee329e7a860118b497a950f38"
    integrity sha512-HS8bZ9ox60yCJLH9snBpIwv9pYUAkcuLhSA1oero1UB5y9aiQpRA8y2ex945AOtCZL1lJDeIk3G5LthswI46Lw==
    dependencies:
      has-symbols "^1.0.0"
  
  is-typedarray@~1.0.0:
    version "1.0.0"
    resolved "https://registry.yarnpkg.com/is-typedarray/-/is-typedarray-1.0.0.tgz#e479c80858df0c1b11ddda6940f96011fcda4a9a"
    integrity sha1-5HnICFjfDBsR3dppQPlgEfzaSpo=
  
  is-what@^3.2.3:
    version "3.2.3"
    resolved "https://registry.yarnpkg.com/is-what/-/is-what-3.2.3.tgz#50f76f1bd8e56967e15765d1d34302513701997b"
    integrity sha512-c4syLgFnjXTH5qd82Fp/qtUIeM0wA69xbI0KH1QpurMIvDaZFrS8UtAa4U52Dc2qSznaMxHit0gErMp6A/Qk1w==
  
  isstream@~0.1.2:
    version "0.1.2"
    resolved "https://registry.yarnpkg.com/isstream/-/isstream-0.1.2.tgz#47e63f7af55afa6f92e1500e690eb8b8529c099a"
    integrity sha1-R+Y/evVa+m+S4VAOaQ64uFKcCZo=
  
  javascript-natural-sort@0.7.1:
    version "0.7.1"
    resolved "https://registry.yarnpkg.com/javascript-natural-sort/-/javascript-natural-sort-0.7.1.tgz#f9e2303d4507f6d74355a73664d1440fb5a0ef59"
    integrity sha1-+eIwPUUH9tdDVac2ZNFED7Wg71k=
  
  jimp@*:
    version "0.6.4"
    resolved "https://registry.yarnpkg.com/jimp/-/jimp-0.6.4.tgz#266c5777752a6edb4227792ef288198a1e99102f"
    integrity sha512-WQVMoNhkcq/fgthZOWeMdIguCVPg+t4PDFfSxvbNcrECwl8eq3/Ou2whcFWWjyW45m43yAJEY2UT7acDKl6uSQ==
    dependencies:
      "@babel/polyfill" "^7.0.0"
      "@jimp/custom" "^0.6.4"
      "@jimp/plugins" "^0.6.4"
      "@jimp/types" "^0.6.4"
      core-js "^2.5.7"
  
  jimp@^0.2.27:
    version "0.2.28"
    resolved "https://registry.yarnpkg.com/jimp/-/jimp-0.2.28.tgz#dd529a937190f42957a7937d1acc3a7762996ea2"
    integrity sha1-3VKak3GQ9ClXp5N9Gsw6d2KZbqI=
    dependencies:
      bignumber.js "^2.1.0"
      bmp-js "0.0.3"
      es6-promise "^3.0.2"
      exif-parser "^0.1.9"
      file-type "^3.1.0"
      jpeg-js "^0.2.0"
      load-bmfont "^1.2.3"
      mime "^1.3.4"
      mkdirp "0.5.1"
      pixelmatch "^4.0.0"
      pngjs "^3.0.0"
      read-chunk "^1.0.1"
      request "^2.65.0"
      stream-to-buffer "^0.1.0"
      tinycolor2 "^1.1.2"
      url-regex "^3.0.0"
  
  jpeg-js@^0.2.0:
    version "0.2.0"
    resolved "https://registry.yarnpkg.com/jpeg-js/-/jpeg-js-0.2.0.tgz#53e448ec9d263e683266467e9442d2c5a2ef5482"
    integrity sha1-U+RI7J0mPmgyZkZ+lELSxaLvVII=
  
  jpeg-js@^0.3.4:
    version "0.3.5"
    resolved "https://registry.yarnpkg.com/jpeg-js/-/jpeg-js-0.3.5.tgz#6fbd6cd0e49627c5a0341796c9e50c70a2aa3673"
    integrity sha512-hvaExqwmQDS8O9qnZAVDXGWU43Tbu1V0wMZmjROjT11jloSgGICZpscG+P6Nyi1BVAvyu2ARRx8qmEW30sxgdQ==
  
  "js-tokens@^3.0.0 || ^4.0.0", js-tokens@^4.0.0:
    version "4.0.0"
    resolved "https://registry.yarnpkg.com/js-tokens/-/js-tokens-4.0.0.tgz#19203fb59991df98e3a287050d4647cdeaf32499"
    integrity sha512-RdJUflcE3cUzKiMqQgsCu06FPu9UdIJO0beYbPhHN4k6apgJtifcoCtT9bcxOpYBtpD2kCM6Sbzg4CausW/PKQ==
  
  jsbn@~0.1.0:
    version "0.1.1"
    resolved "https://registry.yarnpkg.com/jsbn/-/jsbn-0.1.1.tgz#a5e654c2e5a2deb5f201d96cefbca80c0ef2f513"
    integrity sha1-peZUwuWi3rXyAdls77yoDA7y9RM=
  
  jsesc@^2.5.1:
    version "2.5.2"
    resolved "https://registry.yarnpkg.com/jsesc/-/jsesc-2.5.2.tgz#80564d2e483dacf6e8ef209650a67df3f0c283a4"
    integrity sha512-OYu7XEzjkCQ3C5Ps3QIZsQfNpqoJyZZA99wd9aWd05NCtC5pWOkShK2mkL6HXQR6/Cy2lbNdPlZBpuQHXE63gA==
  
  json-schema-traverse@^0.4.1:
    version "0.4.1"
    resolved "https://registry.yarnpkg.com/json-schema-traverse/-/json-schema-traverse-0.4.1.tgz#69f6a87d9513ab8bb8fe63bdb0979c448e684660"
    integrity sha512-xbbCH5dCYU5T8LcEhhuh7HJ88HXuW3qsI3Y0zOZFKfZEHcpWiHU/Jxzk629Brsab/mMiHQti9wMP+845RPe3Vg==
  
  json-schema@0.2.3:
    version "0.2.3"
    resolved "https://registry.yarnpkg.com/json-schema/-/json-schema-0.2.3.tgz#b480c892e59a2f05954ce727bd3f2a4e882f9e13"
    integrity sha1-tIDIkuWaLwWVTOcnvT8qTogvnhM=
  
  json-stringify-safe@~5.0.1:
    version "5.0.1"
    resolved "https://registry.yarnpkg.com/json-stringify-safe/-/json-stringify-safe-5.0.1.tgz#1296a2d58fd45f19a0f6ce01d65701e2c735b6eb"
    integrity sha1-Epai1Y/UXxmg9s4B1lcB4sc1tus=
  
  jsprim@^1.2.2:
    version "1.4.1"
    resolved "https://registry.yarnpkg.com/jsprim/-/jsprim-1.4.1.tgz#313e66bc1e5cc06e438bc1b7499c2e5c56acb6a2"
    integrity sha1-MT5mvB5cwG5Di8G3SZwuXFastqI=
    dependencies:
      assert-plus "1.0.0"
      extsprintf "1.3.0"
      json-schema "0.2.3"
      verror "1.10.0"
  
  load-bmfont@^1.2.3, load-bmfont@^1.3.1, load-bmfont@^1.4.0:
    version "1.4.0"
    resolved "https://registry.yarnpkg.com/load-bmfont/-/load-bmfont-1.4.0.tgz#75f17070b14a8c785fe7f5bee2e6fd4f98093b6b"
    integrity sha512-kT63aTAlNhZARowaNYcY29Fn/QYkc52M3l6V1ifRcPewg2lvUZDAj7R6dXjOL9D0sict76op3T5+odumDSF81g==
    dependencies:
      buffer-equal "0.0.1"
      mime "^1.3.4"
      parse-bmfont-ascii "^1.0.3"
      parse-bmfont-binary "^1.0.5"
      parse-bmfont-xml "^1.1.4"
      phin "^2.9.1"
      xhr "^2.0.1"
      xtend "^4.0.0"
  
  lodash@^4.17.11, lodash@^4.17.4:
    version "4.17.11"
    resolved "https://registry.yarnpkg.com/lodash/-/lodash-4.17.11.tgz#b39ea6229ef607ecd89e2c8df12536891cac9b8d"
    integrity sha512-cQKh8igo5QUhZ7lg38DYWAxMvjSAKG0A8wGSVimP07SIUEK2UO+arSRKbRZWtelMtN5V0Hkwh5ryOto/SshYIg==
  
  loose-envify@^1.1.0, loose-envify@^1.4.0:
    version "1.4.0"
    resolved "https://registry.yarnpkg.com/loose-envify/-/loose-envify-1.4.0.tgz#71ee51fa7be4caec1a63839f7e682d8132d30caf"
    integrity sha512-lyuxPGr/Wfhrlem2CL/UcnUc1zcqKAImBDzukY7Y5F/yQiNdko6+fRLevlw1HgMySw7f611UIY408EtxRSoK3Q==
    dependencies:
      js-tokens "^3.0.0 || ^4.0.0"
  
  lottie-web@^5.5.0:
    version "5.5.5"
    resolved "https://registry.yarnpkg.com/lottie-web/-/lottie-web-5.5.5.tgz#a9aea4c1df509d3a631c384f2e07e55ce28dd53b"
    integrity sha512-y4K2iurSd2279WUW12OPzfDFpYjzHnz1fKwIaaSdD/rHdrOQHLiY7sZraHW0LZNH+Y5Ezerr0rjag7lZIcRzQQ==
  
  mathjs@^5.2.0:
    version "5.10.3"
    resolved "https://registry.yarnpkg.com/mathjs/-/mathjs-5.10.3.tgz#e998885f932ea8886db8b40f7f5b199f89b427f1"
    integrity sha512-ySjg30BC3dYjQm73ILZtwcWzFJde0VU6otkXW/57IjjuYRa3Qaf0Kb8pydEuBZYtqW2OxreAtsricrAmOj3jIw==
    dependencies:
      complex.js "2.0.11"
      decimal.js "10.2.0"
      escape-latex "1.2.0"
      fraction.js "4.0.12"
      javascript-natural-sort "0.7.1"
      seed-random "2.2.0"
      tiny-emitter "2.1.0"
      typed-function "1.1.0"
  
  memoize-one@^5.0.0:
    version "5.0.4"
    resolved "https://registry.yarnpkg.com/memoize-one/-/memoize-one-5.0.4.tgz#005928aced5c43d890a4dfab18ca908b0ec92cbc"
    integrity sha512-P0z5IeAH6qHHGkJIXWw0xC2HNEgkx/9uWWBQw64FJj3/ol14VYdfVGWWr0fXfjhhv3TKVIqUq65os6O4GUNksA==
  
  merge-anything@^2.2.4:
    version "2.2.5"
    resolved "https://registry.yarnpkg.com/merge-anything/-/merge-anything-2.2.5.tgz#37ef13f36359ee64f09c657d2cef45f7e29493f9"
    integrity sha512-WgZGR7EQ1D8pyh57uKBbkPhUCJZLGdMzbDaxL4MDTJSGsvtpGdm8myr6DDtgJwT46xiFBlHqxbveDRpFBWlKWQ==
    dependencies:
      is-what "^3.2.3"
  
  mime-db@1.40.0:
    version "1.40.0"
    resolved "https://registry.yarnpkg.com/mime-db/-/mime-db-1.40.0.tgz#a65057e998db090f732a68f6c276d387d4126c32"
    integrity sha512-jYdeOMPy9vnxEqFRRo6ZvTZ8d9oPb+k18PKoYNYUe2stVEBPPwsln/qWzdbmaIvnhZ9v2P+CuecK+fpUfsV2mA==
  
  mime-types@^2.1.12, mime-types@~2.1.19:
    version "2.1.24"
    resolved "https://registry.yarnpkg.com/mime-types/-/mime-types-2.1.24.tgz#b6f8d0b3e951efb77dedeca194cff6d16f676f81"
    integrity sha512-WaFHS3MCl5fapm3oLxU4eYDw77IQM2ACcxQ9RIxfaC3ooc6PFuBMGZZsYpvoXS5D5QTWPieo1jjLdAm3TBP3cQ==
    dependencies:
      mime-db "1.40.0"
  
  mime@^1.3.4:
    version "1.6.0"
    resolved "https://registry.yarnpkg.com/mime/-/mime-1.6.0.tgz#32cd9e5c64553bd58d19a568af452acff04981b1"
    integrity sha512-x0Vn8spI+wuJ1O6S7gnbaQg8Pxh4NNHb7KSINmEWKiPE4RKOplvijn+NkmYmmRgP68mc70j2EbeTFRsrswaQeg==
  
  min-document@^2.19.0:
    version "2.19.0"
    resolved "https://registry.yarnpkg.com/min-document/-/min-document-2.19.0.tgz#7bd282e3f5842ed295bb748cdd9f1ffa2c824685"
    integrity sha1-e9KC4/WELtKVu3SM3Z8f+iyCRoU=
    dependencies:
      dom-walk "^0.1.0"
  
  minimist@0.0.8:
    version "0.0.8"
    resolved "https://registry.yarnpkg.com/minimist/-/minimist-0.0.8.tgz#857fcabfc3397d2625b8228262e86aa7a011b05d"
    integrity sha1-hX/Kv8M5fSYluCKCYuhqp6ARsF0=
  
  mkdirp@0.5.1:
    version "0.5.1"
    resolved "https://registry.yarnpkg.com/mkdirp/-/mkdirp-0.5.1.tgz#30057438eac6cf7f8c4767f38648d6697d75c903"
    integrity sha1-MAV0OOrGz3+MR2fzhkjWaX11yQM=
    dependencies:
      minimist "0.0.8"
  
  ms@^2.1.1:
    version "2.1.2"
    resolved "https://registry.yarnpkg.com/ms/-/ms-2.1.2.tgz#d09d1f357b443f493382a8eb3ccd183872ae6009"
    integrity sha512-sGkPx+VjMtmA6MX27oA4FBFELFCZZ4S4XqeGOXCv68tT+jb3vk/RyaKWP0PTKyWtmLSM0b+adUTEvbs1PEaH2w==
  
  node-vibrant@3.0.0:
    version "3.0.0"
    resolved "https://registry.yarnpkg.com/node-vibrant/-/node-vibrant-3.0.0.tgz#3ef4540dea2bdd7680ed181b8b08eaddfe74a568"
    integrity sha512-3qFLV1ITyC4A7C3BCJaguhw4HjPHAqNLapqJYktMthWYIBmtfhbz9R52bciYYhNabfKMS8gB3uk7grc+la4rww==
    dependencies:
      "@types/bluebird" "^3.0.37"
      "@types/jimp" "^0.2.0"
      "@types/lodash" "^4.14.53"
      "@types/node" "^8.0.53"
      bluebird "^3.4.7"
      jimp "^0.2.27"
      lodash "^4.17.4"
      url "^0.11.0"
  
  oauth-sign@~0.9.0:
    version "0.9.0"
    resolved "https://registry.yarnpkg.com/oauth-sign/-/oauth-sign-0.9.0.tgz#47a7b016baa68b5fa0ecf3dee08a85c679ac6455"
    integrity sha512-fexhUFFPTGV8ybAtSIGbV6gOkSv8UtRbDBnAyLQw4QPKkgNlsH2ByPGtMUqdWkos6YCRmAqViwgZrJc/mRDzZQ==
  
  object-assign@^4.1.1:
    version "4.1.1"
    resolved "https://registry.yarnpkg.com/object-assign/-/object-assign-4.1.1.tgz#2109adc7965887cfc05cbbd442cac8bfbb360863"
    integrity sha1-IQmtx5ZYh8/AXLvUQsrIv7s2CGM=
  
  object-keys@^1.0.12:
    version "1.1.1"
    resolved "https://registry.yarnpkg.com/object-keys/-/object-keys-1.1.1.tgz#1c47f272df277f3b1daf061677d9c82e2322c60e"
    integrity sha512-NuAESUOUMrlIXOfHKzD6bpPu3tYt3xvjNdRIQ+FeT0lNb4K8WR70CaDxhuNguS2XG+GjkyMwOzsN5ZktImfhLA==
  
  omggif@^1.0.9:
    version "1.0.9"
    resolved "https://registry.yarnpkg.com/omggif/-/omggif-1.0.9.tgz#dcb7024dacd50c52b4d303f04802c91c057c765f"
    integrity sha1-3LcCTazVDFK00wPwSALJHAV8dl8=
  
  pako@^1.0.5:
    version "1.0.10"
    resolved "https://registry.yarnpkg.com/pako/-/pako-1.0.10.tgz#4328badb5086a426aa90f541977d4955da5c9732"
    integrity sha512-0DTvPVU3ed8+HNXOu5Bs+o//Mbdj9VNQMUOe9oKCwh8l0GNwpTDMKCWbRjgtD291AWnkAgkqA/LOnQS8AmS1tw==
  
  parse-bmfont-ascii@^1.0.3:
    version "1.0.6"
    resolved "https://registry.yarnpkg.com/parse-bmfont-ascii/-/parse-bmfont-ascii-1.0.6.tgz#11ac3c3ff58f7c2020ab22769079108d4dfa0285"
    integrity sha1-Eaw8P/WPfCAgqyJ2kHkQjU36AoU=
  
  parse-bmfont-binary@^1.0.5:
    version "1.0.6"
    resolved "https://registry.yarnpkg.com/parse-bmfont-binary/-/parse-bmfont-binary-1.0.6.tgz#d038b476d3e9dd9db1e11a0b0e53a22792b69006"
    integrity sha1-0Di0dtPp3Z2x4RoLDlOiJ5K2kAY=
  
  parse-bmfont-xml@^1.1.4:
    version "1.1.4"
    resolved "https://registry.yarnpkg.com/parse-bmfont-xml/-/parse-bmfont-xml-1.1.4.tgz#015319797e3e12f9e739c4d513872cd2fa35f389"
    integrity sha512-bjnliEOmGv3y1aMEfREMBJ9tfL3WR0i0CKPj61DnSLaoxWR3nLrsQrEbCId/8rF4NyRF0cCqisSVXyQYWM+mCQ==
    dependencies:
      xml-parse-from-string "^1.0.0"
      xml2js "^0.4.5"
  
  parse-headers@^2.0.0:
    version "2.0.2"
    resolved "https://registry.yarnpkg.com/parse-headers/-/parse-headers-2.0.2.tgz#9545e8a4c1ae5eaea7d24992bca890281ed26e34"
    integrity sha512-/LypJhzFmyBIDYP9aDVgeyEb5sQfbfY5mnDq4hVhlQ69js87wXfmEI5V3xI6vvXasqebp0oCytYFLxsBVfCzSg==
    dependencies:
      for-each "^0.3.3"
      string.prototype.trim "^1.1.2"
  
  performance-now@^2.1.0:
    version "2.1.0"
    resolved "https://registry.yarnpkg.com/performance-now/-/performance-now-2.1.0.tgz#6309f4e0e5fa913ec1c69307ae364b4b377c9e7b"
    integrity sha1-Ywn04OX6kT7BxpMHrjZLSzd8nns=
  
  phin@^2.9.1:
    version "2.9.3"
    resolved "https://registry.yarnpkg.com/phin/-/phin-2.9.3.tgz#f9b6ac10a035636fb65dfc576aaaa17b8743125c"
    integrity sha512-CzFr90qM24ju5f88quFC/6qohjC144rehe5n6DH900lgXmUe86+xCKc10ev56gRKC4/BkHUoG4uSiQgBiIXwDA==
  
  pixelmatch@^4.0.0, pixelmatch@^4.0.2:
    version "4.0.2"
    resolved "https://registry.yarnpkg.com/pixelmatch/-/pixelmatch-4.0.2.tgz#8f47dcec5011b477b67db03c243bc1f3085e8854"
    integrity sha1-j0fc7FARtHe2fbA8JDvB8wheiFQ=
    dependencies:
      pngjs "^3.0.0"
  
  pngjs@^3.0.0, pngjs@^3.3.3:
    version "3.4.0"
    resolved "https://registry.yarnpkg.com/pngjs/-/pngjs-3.4.0.tgz#99ca7d725965fb655814eaf65f38f12bbdbf555f"
    integrity sha512-NCrCHhWmnQklfH4MtJMRjZ2a8c80qXeMlQMv2uVp9ISJMTt562SbGd6n2oq0PaPgKm7Z6pL9E2UlLIhC+SHL3w==
  
  popmotion@^8.6.9:
    version "8.7.0"
    resolved "https://registry.yarnpkg.com/popmotion/-/popmotion-8.7.0.tgz#83e03a14dc1f24e73b9488c6d9d7b14e5ac0947d"
    integrity sha512-RnJMbWN+TEBT0tgG+3WS0O1i9LAq+senXSAcKw+srGviT1c9G+iKUXrp24D2w6Og0mDd61rEfKz3pFrFCdKn5Q==
    dependencies:
      "@popmotion/easing" "^1.0.1"
      "@popmotion/popcorn" "^0.4.0"
      framesync "^4.0.0"
      hey-listen "^1.0.5"
      style-value-types "^3.1.4"
      stylefire "^4.1.3"
      tslib "^1.9.1"
  
  postcss-value-parser@^3.3.0:
    version "3.3.1"
    resolved "https://registry.yarnpkg.com/postcss-value-parser/-/postcss-value-parser-3.3.1.tgz#9ff822547e2893213cf1c30efa51ac5fd1ba8281"
    integrity sha512-pISE66AbVkp4fDQ7VHBwRNXzAAKJjw4Vw7nWI/+Q3vuly7SNfgYXvm6i5IgFylHGK5sP/xHAbB7N49OS4gWNyQ==
  
  process@~0.5.1:
    version "0.5.2"
    resolved "https://registry.yarnpkg.com/process/-/process-0.5.2.tgz#1638d8a8e34c2f440a91db95ab9aeb677fc185cf"
    integrity sha1-FjjYqONML0QKkduVq5rrZ3/Bhc8=
  
  prop-types@^15.5.4, prop-types@^15.6.2:
    version "15.7.2"
    resolved "https://registry.yarnpkg.com/prop-types/-/prop-types-15.7.2.tgz#52c41e75b8c87e72b9d9360e0206b99dcbffa6c5"
    integrity sha512-8QQikdH7//R2vurIJSutZ1smHYTcLpRWEOlHnzcWHmBYrOGUysKwSsrC89BCiFj3CbrfJ/nXFdJepOVrY1GCHQ==
    dependencies:
      loose-envify "^1.4.0"
      object-assign "^4.1.1"
      react-is "^16.8.1"
  
  psl@^1.1.24:
    version "1.1.33"
    resolved "https://registry.yarnpkg.com/psl/-/psl-1.1.33.tgz#5533d9384ca7aab86425198e10e8053ebfeab661"
    integrity sha512-LTDP2uSrsc7XCb5lO7A8BI1qYxRe/8EqlRvMeEl6rsnYAqDOl8xHR+8lSAIVfrNaSAlTPTNOCgNjWcoUL3AZsw==
  
  punycode@1.3.2:
    version "1.3.2"
    resolved "https://registry.yarnpkg.com/punycode/-/punycode-1.3.2.tgz#9653a036fb7c1ee42342f2325cceefea3926c48d"
    integrity sha1-llOgNvt8HuQjQvIyXM7v6jkmxI0=
  
  punycode@^1.4.1:
    version "1.4.1"
    resolved "https://registry.yarnpkg.com/punycode/-/punycode-1.4.1.tgz#c0d5a63b2718800ad8e1eb0fa5269c84dd41845e"
    integrity sha1-wNWmOycYgArY4esPpSachN1BhF4=
  
  punycode@^2.1.0:
    version "2.1.1"
    resolved "https://registry.yarnpkg.com/punycode/-/punycode-2.1.1.tgz#b58b010ac40c22c5657616c8d2c2c02c7bf479ec"
    integrity sha512-XRsRjdf+j5ml+y/6GKHPZbrF/8p2Yga0JPtdqTIY2Xe5ohJPD9saDJJLPvp9+NSBprVvevdXZybnj2cv8OEd0A==
  
  qs@~6.5.2:
    version "6.5.2"
    resolved "https://registry.yarnpkg.com/qs/-/qs-6.5.2.tgz#cb3ae806e8740444584ef154ce8ee98d403f3e36"
    integrity sha512-N5ZAX4/LxJmF+7wN74pUD6qAh9/wnvdQcjq9TZjevvXzSUo7bfmw91saqMjzGS2xq91/odN2dW/WOl7qQHNDGA==
  
  querystring@0.2.0:
    version "0.2.0"
    resolved "https://registry.yarnpkg.com/querystring/-/querystring-0.2.0.tgz#b209849203bb25df820da756e747005878521620"
    integrity sha1-sgmEkgO7Jd+CDadW50cAWHhSFiA=
  
  react-dom@^16.3.0, react-dom@^16.8.6:
    version "16.8.6"
    resolved "https://registry.yarnpkg.com/react-dom/-/react-dom-16.8.6.tgz#71d6303f631e8b0097f56165ef608f051ff6e10f"
    integrity sha512-1nL7PIq9LTL3fthPqwkvr2zY7phIPjYrT0jp4HjyEQrEROnw4dG41VVwi/wfoCneoleqrNX7iAD+pXebJZwrwA==
    dependencies:
      loose-envify "^1.1.0"
      object-assign "^4.1.1"
      prop-types "^15.6.2"
      scheduler "^0.13.6"
  
  react-filter-search@^1.0.8:
    version "1.0.8"
    resolved "https://registry.yarnpkg.com/react-filter-search/-/react-filter-search-1.0.8.tgz#4ffb4ebfcfbd6ddcf36a3922d430f1cc0afdbf94"
    integrity sha512-yhzdCO3wVPA+oz8Y82tBkU5XRJPX7QyJtxiX15Ecb1pADxjdzEp1HRhwRcTKvta0J3dWCDSiF6A1q5OWjJrQjA==
  
  react-is@^16.6.0, react-is@^16.8.1:
    version "16.8.6"
    resolved "https://registry.yarnpkg.com/react-is/-/react-is-16.8.6.tgz#5bbc1e2d29141c9fbdfed456343fe2bc430a6a16"
    integrity sha512-aUk3bHfZ2bRSVFFbbeVS4i+lNPZr3/WM5jT2J5omUVV1zzcs1nAaf3l51ctA5FFvCRbhrH0bdAsRRQddFJZPtA==
  
  react@^16.3.0, react@^16.8.6:
    version "16.8.6"
    resolved "https://registry.yarnpkg.com/react/-/react-16.8.6.tgz#ad6c3a9614fd3a4e9ef51117f54d888da01f2bbe"
    integrity sha512-pC0uMkhLaHm11ZSJULfOBqV4tIZkx87ZLvbbQYunNixAAvjnC+snJCg0XQXn9VIsttVsbZP/H/ewzgsd5fxKXw==
    dependencies:
      loose-envify "^1.1.0"
      object-assign "^4.1.1"
      prop-types "^15.6.2"
      scheduler "^0.13.6"
  
  read-chunk@^1.0.1:
    version "1.0.1"
    resolved "https://registry.yarnpkg.com/read-chunk/-/read-chunk-1.0.1.tgz#5f68cab307e663f19993527d9b589cace4661194"
    integrity sha1-X2jKswfmY/GZk1J9m1icrORmEZQ=
  
  regenerator-runtime@^0.13.2:
    version "0.13.2"
    resolved "https://registry.yarnpkg.com/regenerator-runtime/-/regenerator-runtime-0.13.2.tgz#32e59c9a6fb9b1a4aff09b4930ca2d4477343447"
    integrity sha512-S/TQAZJO+D3m9xeN1WTI8dLKBBiRgXBlTJvbWjCThHWZj9EvHK70Ff50/tYj2J/fvBY6JtFVwRuazHN2E7M9BA==
  
  request@^2.65.0:
    version "2.88.0"
    resolved "https://registry.yarnpkg.com/request/-/request-2.88.0.tgz#9c2fca4f7d35b592efe57c7f0a55e81052124fef"
    integrity sha512-NAqBSrijGLZdM0WZNsInLJpkJokL72XYjUpnB0iwsRgxh7dB6COrHnTBNwN0E+lHDAJzu7kLAkDeY08z2/A0hg==
    dependencies:
      aws-sign2 "~0.7.0"
      aws4 "^1.8.0"
      caseless "~0.12.0"
      combined-stream "~1.0.6"
      extend "~3.0.2"
      forever-agent "~0.6.1"
      form-data "~2.3.2"
      har-validator "~5.1.0"
      http-signature "~1.2.0"
      is-typedarray "~1.0.0"
      isstream "~0.1.2"
      json-stringify-safe "~5.0.1"
      mime-types "~2.1.19"
      oauth-sign "~0.9.0"
      performance-now "^2.1.0"
      qs "~6.5.2"
      safe-buffer "^5.1.2"
      tough-cookie "~2.4.3"
      tunnel-agent "^0.6.0"
      uuid "^3.3.2"
  
  safe-buffer@^5.0.1, safe-buffer@^5.1.2:
    version "5.1.2"
    resolved "https://registry.yarnpkg.com/safe-buffer/-/safe-buffer-5.1.2.tgz#991ec69d296e0313747d59bdfd2b745c35f8828d"
    integrity sha512-Gd2UZBJDkXlY7GbJxfsE8/nvKkUEU1G38c1siN6QP6a9PT9MmHB8GnpscSmMJSoF8LOIrt8ud/wPtojys4G6+g==
  
  safer-buffer@^2.0.2, safer-buffer@^2.1.0, safer-buffer@~2.1.0:
    version "2.1.2"
    resolved "https://registry.yarnpkg.com/safer-buffer/-/safer-buffer-2.1.2.tgz#44fa161b0187b9549dd84bb91802f9bd8385cd6a"
    integrity sha512-YZo3K82SD7Riyi0E1EQPojLz7kpepnSQI9IyPbHHg1XXXevb5dJI7tpyN2ADxGcQbHG7vcyRHk0cbwqcQriUtg==
  
  sax@>=0.6.0:
    version "1.2.4"
    resolved "https://registry.yarnpkg.com/sax/-/sax-1.2.4.tgz#2816234e2378bddc4e5354fab5caa895df7100d9"
    integrity sha512-NqVDv9TpANUjFm0N8uM5GxL36UgKi9/atZw+x7YFnQ8ckwFGKrl4xX4yWtrey3UJm5nP1kUbnYgLopqWNSRhWw==
  
  scheduler@^0.13.6:
    version "0.13.6"
    resolved "https://registry.yarnpkg.com/scheduler/-/scheduler-0.13.6.tgz#466a4ec332467b31a91b9bf74e5347072e4cd889"
    integrity sha512-IWnObHt413ucAYKsD9J1QShUKkbKLQQHdxRyw73sw4FN26iWr3DY/H34xGPe4nmL1DwXyWmSWmMrA9TfQbE/XQ==
    dependencies:
      loose-envify "^1.1.0"
      object-assign "^4.1.1"
  
  seed-random@2.2.0:
    version "2.2.0"
    resolved "https://registry.yarnpkg.com/seed-random/-/seed-random-2.2.0.tgz#2a9b19e250a817099231a5b99a4daf80b7fbed54"
    integrity sha1-KpsZ4lCoFwmSMaW5mk2vgLf77VQ=
  
  source-map@^0.5.0:
    version "0.5.7"
    resolved "https://registry.yarnpkg.com/source-map/-/source-map-0.5.7.tgz#8a039d2d1021d22d1ea14c80d8ea468ba2ef3fcc"
    integrity sha1-igOdLRAh0i0eoUyA2OpGi6LvP8w=
  
  sshpk@^1.7.0:
    version "1.16.1"
    resolved "https://registry.yarnpkg.com/sshpk/-/sshpk-1.16.1.tgz#fb661c0bef29b39db40769ee39fa70093d6f6877"
    integrity sha512-HXXqVUq7+pcKeLqqZj6mHFUMvXtOJt1uoUx09pFW6011inTMxqI8BA8PM95myrIyyKwdnzjdFjLiE6KBPVtJIg==
    dependencies:
      asn1 "~0.2.3"
      assert-plus "^1.0.0"
      bcrypt-pbkdf "^1.0.0"
      dashdash "^1.12.0"
      ecc-jsbn "~0.1.1"
      getpass "^0.1.1"
      jsbn "~0.1.0"
      safer-buffer "^2.0.2"
      tweetnacl "~0.14.0"
  
  stream-to-buffer@^0.1.0:
    version "0.1.0"
    resolved "https://registry.yarnpkg.com/stream-to-buffer/-/stream-to-buffer-0.1.0.tgz#26799d903ab2025c9bd550ac47171b00f8dd80a9"
    integrity sha1-JnmdkDqyAlyb1VCsRxcbAPjdgKk=
    dependencies:
      stream-to "~0.2.0"
  
  stream-to@~0.2.0:
    version "0.2.2"
    resolved "https://registry.yarnpkg.com/stream-to/-/stream-to-0.2.2.tgz#84306098d85fdb990b9fa300b1b3ccf55e8ef01d"
    integrity sha1-hDBgmNhf25kLn6MAsbPM9V6O8B0=
  
  string.prototype.trim@^1.1.2:
    version "1.1.2"
    resolved "https://registry.yarnpkg.com/string.prototype.trim/-/string.prototype.trim-1.1.2.tgz#d04de2c89e137f4d7d206f086b5ed2fae6be8cea"
    integrity sha1-0E3iyJ4Tf019IG8Ia17S+ua+jOo=
    dependencies:
      define-properties "^1.1.2"
      es-abstract "^1.5.0"
      function-bind "^1.0.2"
  
  style-value-types@^3.1.4:
    version "3.1.4"
    resolved "https://registry.yarnpkg.com/style-value-types/-/style-value-types-3.1.4.tgz#8c0959d26405eb0cbad40097b496220d41c22169"
    integrity sha512-jHxRZWQpx6imY+QIveHTZwGOJWJqX3Cmt6Yk1zCGeQjk4noEsX+lfvFJUmRPpZL3VTrfGrHtjVWTcvcHx/OFhQ==
    dependencies:
      hey-listen "^1.0.8"
  
  styled-components@^4.0.3, styled-components@^4.2.0, styled-components@^4.3.2:
    version "4.3.2"
    resolved "https://registry.yarnpkg.com/styled-components/-/styled-components-4.3.2.tgz#4ca81918c812d3006f60ac5fdec7d6b64a9509cc"
    integrity sha512-NppHzIFavZ3TsIU3R1omtddJ0Bv1+j50AKh3ZWyXHuFvJq1I8qkQ5mZ7uQgD89Y8zJNx2qRo6RqAH1BmoVafHw==
    dependencies:
      "@babel/helper-module-imports" "^7.0.0"
      "@babel/traverse" "^7.0.0"
      "@emotion/is-prop-valid" "^0.8.1"
      "@emotion/unitless" "^0.7.0"
      babel-plugin-styled-components ">= 1"
      css-to-react-native "^2.2.2"
      memoize-one "^5.0.0"
      merge-anything "^2.2.4"
      prop-types "^15.5.4"
      react-is "^16.6.0"
      stylis "^3.5.0"
      stylis-rule-sheet "^0.0.10"
      supports-color "^5.5.0"
  
  stylefire@^4.1.3, stylefire@^4.1.4:
    version "4.1.4"
    resolved "https://registry.yarnpkg.com/stylefire/-/stylefire-4.1.4.tgz#42de066da75762bf086de33856a45ac95f7d66ce"
    integrity sha512-bp9nNTTFHdIQp/4szBuF2z85rMAq5oySeAHdpNgPTcVlXDrwsi1FjjOLug/4+yx1p8eMFFGrkAex7b5/M95ivg==
    dependencies:
      "@popmotion/popcorn" "^0.4.0"
      framesync "^4.0.0"
      hey-listen "^1.0.8"
      style-value-types "^3.1.4"
  
  stylis-rule-sheet@^0.0.10:
    version "0.0.10"
    resolved "https://registry.yarnpkg.com/stylis-rule-sheet/-/stylis-rule-sheet-0.0.10.tgz#44e64a2b076643f4b52e5ff71efc04d8c3c4a430"
    integrity sha512-nTbZoaqoBnmK+ptANthb10ZRZOGC+EmTLLUxeYIuHNkEKcmKgXX1XWKkUBT2Ac4es3NybooPe0SmvKdhKJZAuw==
  
  stylis@^3.5.0:
    version "3.5.4"
    resolved "https://registry.yarnpkg.com/stylis/-/stylis-3.5.4.tgz#f665f25f5e299cf3d64654ab949a57c768b73fbe"
    integrity sha512-8/3pSmthWM7lsPBKv7NXkzn2Uc9W7NotcwGNpJaa3k7WMM1XDCA4MgT5k/8BIexd5ydZdboXtU90XH9Ec4Bv/Q==
  
  supports-color@^5.3.0, supports-color@^5.5.0:
    version "5.5.0"
    resolved "https://registry.yarnpkg.com/supports-color/-/supports-color-5.5.0.tgz#e2e69a44ac8772f78a1ec0b35b689df6530efc8f"
    integrity sha512-QjVjwdXIt408MIiAqCX4oUKsgU2EqAGzs2Ppkm4aQYbjm+ZEWEcW4SfFNTr4uMNZma0ey4f5lgLrkB0aX0QMow==
    dependencies:
      has-flag "^3.0.0"
  
  timm@^1.6.1:
    version "1.6.1"
    resolved "https://registry.yarnpkg.com/timm/-/timm-1.6.1.tgz#5f8aafc932248c76caf2c6af60542a32d3c30701"
    integrity sha512-hqDTYi/bWuDxL2i6T3v6nrvkAQ/1Bc060GSkVEQZp02zTSTB4CHSKsOkliequCftQaNRcjRqUZmpGWs5FfhrNg==
  
  tiny-emitter@2.1.0:
    version "2.1.0"
    resolved "https://registry.yarnpkg.com/tiny-emitter/-/tiny-emitter-2.1.0.tgz#1d1a56edfc51c43e863cbb5382a72330e3555423"
    integrity sha512-NB6Dk1A9xgQPMoGqC5CVXn123gWyte215ONT5Pp5a0yt4nlEoO1ZWeCwpncaekPHXO60i47ihFnZPiRPjRMq4Q==
  
  tinycolor2@^1.1.2, tinycolor2@^1.4.1:
    version "1.4.1"
    resolved "https://registry.yarnpkg.com/tinycolor2/-/tinycolor2-1.4.1.tgz#f4fad333447bc0b07d4dc8e9209d8f39a8ac77e8"
    integrity sha1-9PrTM0R7wLB9TcjpIJ2POaisd+g=
  
  to-fast-properties@^2.0.0:
    version "2.0.0"
    resolved "https://registry.yarnpkg.com/to-fast-properties/-/to-fast-properties-2.0.0.tgz#dc5e698cbd079265bc73e0377681a4e4e83f616e"
    integrity sha1-3F5pjL0HkmW8c+A3doGk5Og/YW4=
  
  tough-cookie@~2.4.3:
    version "2.4.3"
    resolved "https://registry.yarnpkg.com/tough-cookie/-/tough-cookie-2.4.3.tgz#53f36da3f47783b0925afa06ff9f3b165280f781"
    integrity sha512-Q5srk/4vDM54WJsJio3XNn6K2sCG+CQ8G5Wz6bZhRZoAe/+TxjWB/GlFAnYEbkYVlON9FMk/fE3h2RLpPXo4lQ==
    dependencies:
      psl "^1.1.24"
      punycode "^1.4.1"
  
  trim-right@^1.0.1:
    version "1.0.1"
    resolved "https://registry.yarnpkg.com/trim-right/-/trim-right-1.0.1.tgz#cb2e1203067e0c8de1f614094b9fe45704ea6003"
    integrity sha1-yy4SAwZ+DI3h9hQJS5/kVwTqYAM=
  
  tslib@^1.9.1:
    version "1.10.0"
    resolved "https://registry.yarnpkg.com/tslib/-/tslib-1.10.0.tgz#c3c19f95973fb0a62973fb09d90d961ee43e5c8a"
    integrity sha512-qOebF53frne81cf0S9B41ByenJ3/IuH8yJKngAX35CmiZySA0khhkovshKK+jGCaMnVomla7gVlIcc3EvKPbTQ==
  
  tunnel-agent@^0.6.0:
    version "0.6.0"
    resolved "https://registry.yarnpkg.com/tunnel-agent/-/tunnel-agent-0.6.0.tgz#27a5dea06b36b04a0a9966774b290868f0fc40fd"
    integrity sha1-J6XeoGs2sEoKmWZ3SykIaPD8QP0=
    dependencies:
      safe-buffer "^5.0.1"
  
  tweetnacl@^0.14.3, tweetnacl@~0.14.0:
    version "0.14.5"
    resolved "https://registry.yarnpkg.com/tweetnacl/-/tweetnacl-0.14.5.tgz#5ae68177f192d4456269d108afa93ff8743f4f64"
    integrity sha1-WuaBd/GS1EViadEIr6k/+HQ/T2Q=
  
  typed-function@1.1.0:
    version "1.1.0"
    resolved "https://registry.yarnpkg.com/typed-function/-/typed-function-1.1.0.tgz#ea149706e0fb42aca1791c053a6d94ccd6c4fdcb"
    integrity sha512-TuQzwiT4DDg19beHam3E66oRXhyqlyfgjHB/5fcvsRXbfmWPJfto9B4a0TBdTrQAPGlGmXh/k7iUI+WsObgORA==
  
  uri-js@^4.2.2:
    version "4.2.2"
    resolved "https://registry.yarnpkg.com/uri-js/-/uri-js-4.2.2.tgz#94c540e1ff772956e2299507c010aea6c8838eb0"
    integrity sha512-KY9Frmirql91X2Qgjry0Wd4Y+YTdrdZheS8TFwvkbLWf/G5KNJDCh6pKL5OZctEW4+0Baa5idK2ZQuELRwPznQ==
    dependencies:
      punycode "^2.1.0"
  
  url-regex@^3.0.0:
    version "3.2.0"
    resolved "https://registry.yarnpkg.com/url-regex/-/url-regex-3.2.0.tgz#dbad1e0c9e29e105dd0b1f09f6862f7fdb482724"
    integrity sha1-260eDJ4p4QXdCx8J9oYvf9tIJyQ=
    dependencies:
      ip-regex "^1.0.1"
  
  url@^0.11.0:
    version "0.11.0"
    resolved "https://registry.yarnpkg.com/url/-/url-0.11.0.tgz#3838e97cfc60521eb73c525a8e55bfdd9e2e28f1"
    integrity sha1-ODjpfPxgUh63PFJajlW/3Z4uKPE=
    dependencies:
      punycode "1.3.2"
      querystring "0.2.0"
  
  utif@^2.0.1:
    version "2.0.1"
    resolved "https://registry.yarnpkg.com/utif/-/utif-2.0.1.tgz#9e1582d9bbd20011a6588548ed3266298e711759"
    integrity sha512-Z/S1fNKCicQTf375lIP9G8Sa1H/phcysstNrrSdZKj1f9g58J4NMgb5IgiEZN9/nLMPDwF0W7hdOe9Qq2IYoLg==
    dependencies:
      pako "^1.0.5"
  
  uuid@^3.3.2:
    version "3.3.2"
    resolved "https://registry.yarnpkg.com/uuid/-/uuid-3.3.2.tgz#1b4af4955eb3077c501c23872fc6513811587131"
    integrity sha512-yXJmeNaw3DnnKAOKJE51sL/ZaYfWJRl1pK9dr19YFCu0ObS231AB1/LbqTKRAQ5kw8A90rA6fr4riOUpTZvQZA==
  
  verror@1.10.0:
    version "1.10.0"
    resolved "https://registry.yarnpkg.com/verror/-/verror-1.10.0.tgz#3a105ca17053af55d6e270c1f8288682e18da400"
    integrity sha1-OhBcoXBTr1XW4nDB+CiGguGNpAA=
    dependencies:
      assert-plus "^1.0.0"
      core-util-is "1.0.2"
      extsprintf "^1.2.0"
  
  xhr@^2.0.1:
    version "2.5.0"
    resolved "https://registry.yarnpkg.com/xhr/-/xhr-2.5.0.tgz#bed8d1676d5ca36108667692b74b316c496e49dd"
    integrity sha512-4nlO/14t3BNUZRXIXfXe+3N6w3s1KoxcJUUURctd64BLRe67E4gRwp4PjywtDY72fXpZ1y6Ch0VZQRY/gMPzzQ==
    dependencies:
      global "~4.3.0"
      is-function "^1.0.1"
      parse-headers "^2.0.0"
      xtend "^4.0.0"
  
  xml-parse-from-string@^1.0.0:
    version "1.0.1"
    resolved "https://registry.yarnpkg.com/xml-parse-from-string/-/xml-parse-from-string-1.0.1.tgz#a9029e929d3dbcded169f3c6e28238d95a5d5a28"
    integrity sha1-qQKekp09vN7RafPG4oI42VpdWig=
  
  xml2js@^0.4.5:
    version "0.4.19"
    resolved "https://registry.yarnpkg.com/xml2js/-/xml2js-0.4.19.tgz#686c20f213209e94abf0d1bcf1efaa291c7827a7"
    integrity sha512-esZnJZJOiJR9wWKMyuvSE1y6Dq5LCuJanqhxslH2bxM6duahNZ+HMpCLhBQGZkbX6xRf8x1Y2eJlgt2q3qo49Q==
    dependencies:
      sax ">=0.6.0"
      xmlbuilder "~9.0.1"
  
  xmlbuilder@~9.0.1:
    version "9.0.7"
    resolved "https://registry.yarnpkg.com/xmlbuilder/-/xmlbuilder-9.0.7.tgz#132ee63d2ec5565c557e20f4c22df9aca686b10d"
    integrity sha1-Ey7mPS7FVlxVfiD0wi35rKaGsQ0=
  
  xtend@^4.0.0:
    version "4.0.1"
    resolved "https://registry.yarnpkg.com/xtend/-/xtend-4.0.1.tgz#a5c6d532be656e23db820efb943a1f04998d63af"
    integrity sha1-pcbVMr5lbiPbgg77lDofBJmNY68=
